TpTrace Verbose: 0 : 9760, 1, 2022/11/19, 00:29:15.429, 113153834689, vstest.console.dll, Version: 17.3.1 Current process architecture: X64
TpTrace Verbose: 0 : 9760, 1, 2022/11/19, 00:29:15.431, 113153851198, vstest.console.dll, Runtime location: C:\Program Files\dotnet\shared\Microsoft.NETCore.App\6.0.10
TpTrace Information: 0 : 9760, 1, 2022/11/19, 00:29:15.439, 113153938784, vstest.console.dll, FilePatternParser: The given file C:\Users\PhungVu\Desktop\FinalProject\nashtech-rookies-hn06-final\back-end\AssetManagementTeam6.API.Test\bin\Debug\net6.0\fine-code-coverage\build-output\AssetManagementTeam6.API.Test.dll is a full path.
TpTrace Verbose: 0 : 9760, 1, 2022/11/19, 00:29:15.445, 113153998754, vstest.console.dll, TestPluginCache.DiscoverTestExtensions: finding test extensions in assemblies ends with: RuntimeProvider.dll TPluginInfo: Microsoft.VisualStudio.TestPlatform.Common.ExtensionFramework.Utilities.TestRuntimePluginInformation TExtension: Microsoft.VisualStudio.TestPlatform.ObjectModel.Host.ITestRuntimeProvider
TpTrace Verbose: 0 : 9760, 1, 2022/11/19, 00:29:15.445, 113154000442, vstest.console.dll, TestPluginCache.GetExtensionPaths: Filtered extension paths: 
TpTrace Verbose: 0 : 9760, 1, 2022/11/19, 00:29:15.446, 113154001437, vstest.console.dll, TestPluginCache.GetExtensionPaths: Added default extension paths: C:\Program Files\dotnet\sdk\6.0.402\Extensions\Microsoft.Diagnostics.NETCore.Client.dll
C:\Program Files\dotnet\sdk\6.0.402\Extensions\Microsoft.TestPlatform.Extensions.BlameDataCollector.dll
C:\Program Files\dotnet\sdk\6.0.402\Extensions\Microsoft.TestPlatform.Extensions.EventLogCollector.dll
C:\Program Files\dotnet\sdk\6.0.402\Extensions\Microsoft.TestPlatform.TestHostRuntimeProvider.dll
C:\Program Files\dotnet\sdk\6.0.402\Extensions\Microsoft.VisualStudio.TestPlatform.Extensions.Html.TestLogger.dll
C:\Program Files\dotnet\sdk\6.0.402\Extensions\Microsoft.VisualStudio.TestPlatform.Extensions.Trx.TestLogger.dll
TpTrace Verbose: 0 : 9760, 1, 2022/11/19, 00:29:15.446, 113154002791, vstest.console.dll, TestPluginCache.GetExtensionPaths: Added unfilterableExtensionPaths: 
TpTrace Information: 0 : 9760, 1, 2022/11/19, 00:29:15.446, 113154008936, vstest.console.dll, AssemblyResolver.ctor: Creating AssemblyResolver with searchDirectories C:\Program Files\dotnet\sdk\6.0.402\Extensions,C:\Program Files\dotnet\sdk\6.0.402
TpTrace Verbose: 0 : 9760, 1, 2022/11/19, 00:29:15.447, 113154016775, vstest.console.dll, TestPluginCache.DiscoverTestExtensions: Discovering the extensions using extension path.
TpTrace Verbose: 0 : 9760, 1, 2022/11/19, 00:29:15.447, 113154018278, vstest.console.dll, TestPluginCache.GetExtensionPaths: Filtered extension paths: 
TpTrace Verbose: 0 : 9760, 1, 2022/11/19, 00:29:15.447, 113154019217, vstest.console.dll, TestPluginCache.GetExtensionPaths: Added default extension paths: C:\Program Files\dotnet\sdk\6.0.402\Extensions\Microsoft.Diagnostics.NETCore.Client.dll
C:\Program Files\dotnet\sdk\6.0.402\Extensions\Microsoft.TestPlatform.Extensions.BlameDataCollector.dll
C:\Program Files\dotnet\sdk\6.0.402\Extensions\Microsoft.TestPlatform.Extensions.EventLogCollector.dll
C:\Program Files\dotnet\sdk\6.0.402\Extensions\Microsoft.TestPlatform.TestHostRuntimeProvider.dll
C:\Program Files\dotnet\sdk\6.0.402\Extensions\Microsoft.VisualStudio.TestPlatform.Extensions.Html.TestLogger.dll
C:\Program Files\dotnet\sdk\6.0.402\Extensions\Microsoft.VisualStudio.TestPlatform.Extensions.Trx.TestLogger.dll
TpTrace Verbose: 0 : 9760, 1, 2022/11/19, 00:29:15.447, 113154019471, vstest.console.dll, TestPluginCache.GetExtensionPaths: Added unfilterableExtensionPaths: 
TpTrace Verbose: 0 : 9760, 1, 2022/11/19, 00:29:15.447, 113154019943, vstest.console.dll, TestPluginCache.DiscoverTestExtensions: Discovering the extensions using allExtensionPaths: C:\Program Files\dotnet\sdk\6.0.402\Extensions\Microsoft.Diagnostics.NETCore.Client.dll
C:\Program Files\dotnet\sdk\6.0.402\Extensions\Microsoft.TestPlatform.Extensions.BlameDataCollector.dll
C:\Program Files\dotnet\sdk\6.0.402\Extensions\Microsoft.TestPlatform.Extensions.EventLogCollector.dll
C:\Program Files\dotnet\sdk\6.0.402\Extensions\Microsoft.TestPlatform.TestHostRuntimeProvider.dll
C:\Program Files\dotnet\sdk\6.0.402\Extensions\Microsoft.VisualStudio.TestPlatform.Extensions.Html.TestLogger.dll
C:\Program Files\dotnet\sdk\6.0.402\Extensions\Microsoft.VisualStudio.TestPlatform.Extensions.Trx.TestLogger.dll
TpTrace Information: 0 : 9760, 1, 2022/11/19, 00:29:15.448, 113154021610, vstest.console.dll, AssemblyResolver.AddSearchDirectories: Adding more searchDirectories C:\Program Files\dotnet\sdk\6.0.402\Extensions,C:\Program Files\dotnet\sdk\6.0.402
TpTrace Information: 0 : 9760, 1, 2022/11/19, 00:29:15.448, 113154022074, vstest.console.dll, AssemblyResolver.AddSearchDirectories: Adding more searchDirectories C:\Program Files\dotnet\sdk\6.0.402\Extensions,C:\Program Files\dotnet\sdk\6.0.402
TpTrace Information: 0 : 9760, 1, 2022/11/19, 00:29:15.448, 113154022305, vstest.console.dll, AssemblyResolver.AddSearchDirectories: Adding more searchDirectories C:\Program Files\dotnet\sdk\6.0.402\Extensions,C:\Program Files\dotnet\sdk\6.0.402
TpTrace Information: 0 : 9760, 1, 2022/11/19, 00:29:15.448, 113154022540, vstest.console.dll, AssemblyResolver.AddSearchDirectories: Adding more searchDirectories C:\Program Files\dotnet\sdk\6.0.402\Extensions,C:\Program Files\dotnet\sdk\6.0.402
TpTrace Information: 0 : 9760, 1, 2022/11/19, 00:29:15.448, 113154022738, vstest.console.dll, AssemblyResolver.AddSearchDirectories: Adding more searchDirectories C:\Program Files\dotnet\sdk\6.0.402\Extensions,C:\Program Files\dotnet\sdk\6.0.402
TpTrace Information: 0 : 9760, 1, 2022/11/19, 00:29:15.448, 113154022926, vstest.console.dll, AssemblyResolver.AddSearchDirectories: Adding more searchDirectories C:\Program Files\dotnet\sdk\6.0.402\Extensions,C:\Program Files\dotnet\sdk\6.0.402
TpTrace Information: 0 : 9760, 1, 2022/11/19, 00:29:15.448, 113154026440, vstest.console.dll, AssemblyResolver.OnResolve: Microsoft.Diagnostics.NETCore.Client: Resolving assembly.
TpTrace Information: 0 : 9760, 1, 2022/11/19, 00:29:15.448, 113154026988, vstest.console.dll, AssemblyResolver.OnResolve: Microsoft.Diagnostics.NETCore.Client: Searching in: 'C:\Program Files\dotnet\sdk\6.0.402\Extensions'.
TpTrace Information: 0 : 9760, 1, 2022/11/19, 00:29:15.449, 113154031462, vstest.console.dll, AssemblyResolver.OnResolve: Microsoft.Diagnostics.NETCore.Client: Loading assembly 'C:\Program Files\dotnet\sdk\6.0.402\Extensions\Microsoft.Diagnostics.NETCore.Client.dll'.
TpTrace Information: 0 : 9760, 1, 2022/11/19, 00:29:15.449, 113154036552, vstest.console.dll, AssemblyResolver.OnResolve: Resolved assembly: Microsoft.Diagnostics.NETCore.Client, from path: C:\Program Files\dotnet\sdk\6.0.402\Extensions\Microsoft.Diagnostics.NETCore.Client.dll
TpTrace Verbose: 0 : 9760, 1, 2022/11/19, 00:29:15.453, 113154077881, vstest.console.dll, MetadataReaderExtensionsHelper: Discovering extensions inside assembly 'Microsoft.Diagnostics.NETCore.Client, Version=0.2.5.801, Culture=neutral, PublicKeyToken=31bf3856ad364e35' file path 'C:\Program Files\dotnet\sdk\6.0.402\Extensions\Microsoft.Diagnostics.NETCore.Client.dll'
TpTrace Information: 0 : 9760, 1, 2022/11/19, 00:29:15.471, 113154254168, vstest.console.dll, AssemblyResolver.OnResolve: Microsoft.Bcl.AsyncInterfaces: Resolving assembly.
TpTrace Information: 0 : 9760, 1, 2022/11/19, 00:29:15.471, 113154255194, vstest.console.dll, AssemblyResolver.OnResolve: Microsoft.Bcl.AsyncInterfaces: Searching in: 'C:\Program Files\dotnet\sdk\6.0.402\Extensions'.
TpTrace Information: 0 : 9760, 1, 2022/11/19, 00:29:15.471, 113154255871, vstest.console.dll, AssemblyResolver.OnResolve: Microsoft.Bcl.AsyncInterfaces: Assembly path does not exist: 'C:\Program Files\dotnet\sdk\6.0.402\Extensions\Microsoft.Bcl.AsyncInterfaces.dll', returning.
TpTrace Information: 0 : 9760, 1, 2022/11/19, 00:29:15.471, 113154257148, vstest.console.dll, AssemblyResolver.OnResolve: Microsoft.Bcl.AsyncInterfaces: Assembly path does not exist: 'C:\Program Files\dotnet\sdk\6.0.402\Extensions\Microsoft.Bcl.AsyncInterfaces.exe', returning.
TpTrace Information: 0 : 9760, 1, 2022/11/19, 00:29:15.471, 113154257823, vstest.console.dll, AssemblyResolver.OnResolve: Microsoft.Bcl.AsyncInterfaces: Searching in: 'C:\Program Files\dotnet\sdk\6.0.402'.
TpTrace Information: 0 : 9760, 1, 2022/11/19, 00:29:15.471, 113154258364, vstest.console.dll, AssemblyResolver.OnResolve: Microsoft.Bcl.AsyncInterfaces: Assembly path does not exist: 'C:\Program Files\dotnet\sdk\6.0.402\Microsoft.Bcl.AsyncInterfaces.dll', returning.
TpTrace Information: 0 : 9760, 1, 2022/11/19, 00:29:15.471, 113154258796, vstest.console.dll, AssemblyResolver.OnResolve: Microsoft.Bcl.AsyncInterfaces: Assembly path does not exist: 'C:\Program Files\dotnet\sdk\6.0.402\Microsoft.Bcl.AsyncInterfaces.exe', returning.
TpTrace Information: 0 : 9760, 1, 2022/11/19, 00:29:15.471, 113154259047, vstest.console.dll, AssemblyResolver.OnResolve: Microsoft.Bcl.AsyncInterfaces: Failed to load assembly.
TpTrace Verbose: 0 : 9760, 1, 2022/11/19, 00:29:15.471, 113154259598, vstest.console.dll, CurrentDomainAssemblyResolve: Resolving assembly 'Microsoft.Bcl.AsyncInterfaces'.
TpTrace Information: 0 : 9760, 1, 2022/11/19, 00:29:15.471, 113154260099, vstest.console.dll, AssemblyResolver.OnResolve: Microsoft.Bcl.AsyncInterfaces: Resolving assembly.
TpTrace Information: 0 : 9760, 1, 2022/11/19, 00:29:15.471, 113154260389, vstest.console.dll, AssemblyResolver.OnResolve: Microsoft.Bcl.AsyncInterfaces: Resolved from cache.
TpTrace Verbose: 0 : 9760, 1, 2022/11/19, 00:29:15.471, 113154260597, vstest.console.dll, CurrentDomainAssemblyResolve: Resolving assembly 'Microsoft.Bcl.AsyncInterfaces'.
TpTrace Verbose: 0 : 9760, 1, 2022/11/19, 00:29:15.471, 113154260880, vstest.console.dll, CurrentDomainAssemblyResolve: Failed to resolve assembly 'Microsoft.Bcl.AsyncInterfaces'.
TpTrace Verbose: 0 : 9760, 1, 2022/11/19, 00:29:15.472, 113154263876, vstest.console.dll, CurrentDomainAssemblyResolve: Failed to resolve assembly 'Microsoft.Bcl.AsyncInterfaces'.
TpTrace Warning: 0 : 9760, 1, 2022/11/19, 00:29:15.491, 113154453789, vstest.console.dll, TestPluginDiscoverer: Failed to get types from assembly 'Microsoft.Diagnostics.NETCore.Client, Version=0.2.5.801, Culture=neutral, PublicKeyToken=31bf3856ad364e35'. Error: System.Reflection.ReflectionTypeLoadException: Unable to load one or more of the requested types.
Could not load file or assembly 'Microsoft.Bcl.AsyncInterfaces, Version=1.0.0.0, Culture=neutral, PublicKeyToken=cc7b13ffcd2ddd51'. The system cannot find the file specified.
   at System.Reflection.RuntimeModule.GetTypes(RuntimeModule module)
   at System.Reflection.Assembly.GetTypes()
   at Microsoft.VisualStudio.TestPlatform.Common.ExtensionFramework.TestPluginDiscoverer.GetTestExtensionsFromAssembly[TPluginInfo,TExtension](Assembly assembly, Dictionary`2 pluginInfos, String filePath)
System.IO.FileNotFoundException: Could not load file or assembly 'Microsoft.Bcl.AsyncInterfaces, Version=1.0.0.0, Culture=neutral, PublicKeyToken=cc7b13ffcd2ddd51'. The system cannot find the file specified.
File name: 'Microsoft.Bcl.AsyncInterfaces, Version=1.0.0.0, Culture=neutral, PublicKeyToken=cc7b13ffcd2ddd51'
 ---> System.IO.FileNotFoundException: Could not load file or assembly 'Microsoft.Bcl.AsyncInterfaces, Culture=neutral, PublicKeyToken=null'. The system cannot find the file specified.
File name: 'Microsoft.Bcl.AsyncInterfaces, Culture=neutral, PublicKeyToken=null'
   at System.Reflection.RuntimeAssembly.InternalLoad(ObjectHandleOnStack assemblyName, ObjectHandleOnStack requestingAssembly, StackCrawlMarkHandle stackMark, Boolean throwOnFileNotFound, ObjectHandleOnStack assemblyLoadContext, ObjectHandleOnStack retAssembly)
   at System.Reflection.RuntimeAssembly.InternalLoad(AssemblyName assemblyName, RuntimeAssembly requestingAssembly, StackCrawlMark& stackMark, Boolean throwOnFileNotFound, AssemblyLoadContext assemblyLoadContext)
   at System.Reflection.Assembly.Load(AssemblyName assemblyRef)
   at Microsoft.VisualStudio.TestPlatform.Common.ExtensionFramework.TestPluginCache.CurrentDomainAssemblyResolve(Object sender, AssemblyResolveEventArgs args)
   at Microsoft.VisualStudio.TestPlatform.PlatformAbstractions.PlatformAssemblyResolver.AssemblyResolverEvent(Object sender, Object eventArgs)
   at System.Runtime.Loader.AssemblyLoadContext.GetFirstResolvedAssemblyFromResolvingEvent(AssemblyName assemblyName)
   at System.Runtime.Loader.AssemblyLoadContext.ResolveUsingEvent(AssemblyName assemblyName)
   at System.Runtime.Loader.AssemblyLoadContext.ResolveUsingResolvingEvent(IntPtr gchManagedAssemblyLoadContext, AssemblyName assemblyName)
TpTrace Warning: 0 : 9760, 1, 2022/11/19, 00:29:15.492, 113154464258, vstest.console.dll, LoaderExceptions: System.IO.FileNotFoundException: Could not load file or assembly 'Microsoft.Bcl.AsyncInterfaces, Version=1.0.0.0, Culture=neutral, PublicKeyToken=cc7b13ffcd2ddd51'. The system cannot find the file specified.
File name: 'Microsoft.Bcl.AsyncInterfaces, Version=1.0.0.0, Culture=neutral, PublicKeyToken=cc7b13ffcd2ddd51'
 ---> System.IO.FileNotFoundException: Could not load file or assembly 'Microsoft.Bcl.AsyncInterfaces, Culture=neutral, PublicKeyToken=null'. The system cannot find the file specified.
File name: 'Microsoft.Bcl.AsyncInterfaces, Culture=neutral, PublicKeyToken=null'
   at System.Reflection.RuntimeAssembly.InternalLoad(ObjectHandleOnStack assemblyName, ObjectHandleOnStack requestingAssembly, StackCrawlMarkHandle stackMark, Boolean throwOnFileNotFound, ObjectHandleOnStack assemblyLoadContext, ObjectHandleOnStack retAssembly)
   at System.Reflection.RuntimeAssembly.InternalLoad(AssemblyName assemblyName, RuntimeAssembly requestingAssembly, StackCrawlMark& stackMark, Boolean throwOnFileNotFound, AssemblyLoadContext assemblyLoadContext)
   at System.Reflection.Assembly.Load(AssemblyName assemblyRef)
   at Microsoft.VisualStudio.TestPlatform.Common.ExtensionFramework.TestPluginCache.CurrentDomainAssemblyResolve(Object sender, AssemblyResolveEventArgs args)
   at Microsoft.VisualStudio.TestPlatform.PlatformAbstractions.PlatformAssemblyResolver.AssemblyResolverEvent(Object sender, Object eventArgs)
   at System.Runtime.Loader.AssemblyLoadContext.GetFirstResolvedAssemblyFromResolvingEvent(AssemblyName assemblyName)
   at System.Runtime.Loader.AssemblyLoadContext.ResolveUsingEvent(AssemblyName assemblyName)
   at System.Runtime.Loader.AssemblyLoadContext.ResolveUsingResolvingEvent(IntPtr gchManagedAssemblyLoadContext, AssemblyName assemblyName)
TpTrace Information: 0 : 9760, 1, 2022/11/19, 00:29:15.492, 113154468537, vstest.console.dll, AssemblyResolver.OnResolve: Microsoft.TestPlatform.Extensions.BlameDataCollector: Resolving assembly.
TpTrace Information: 0 : 9760, 1, 2022/11/19, 00:29:15.492, 113154469792, vstest.console.dll, AssemblyResolver.OnResolve: Microsoft.TestPlatform.Extensions.BlameDataCollector: Searching in: 'C:\Program Files\dotnet\sdk\6.0.402\Extensions'.
TpTrace Information: 0 : 9760, 1, 2022/11/19, 00:29:15.493, 113154477621, vstest.console.dll, AssemblyResolver.OnResolve: Microsoft.TestPlatform.Extensions.BlameDataCollector: Loading assembly 'C:\Program Files\dotnet\sdk\6.0.402\Extensions\Microsoft.TestPlatform.Extensions.BlameDataCollector.dll'.
TpTrace Information: 0 : 9760, 1, 2022/11/19, 00:29:15.494, 113154485447, vstest.console.dll, AssemblyResolver.OnResolve: Resolved assembly: Microsoft.TestPlatform.Extensions.BlameDataCollector, from path: C:\Program Files\dotnet\sdk\6.0.402\Extensions\Microsoft.TestPlatform.Extensions.BlameDataCollector.dll
TpTrace Verbose: 0 : 9760, 1, 2022/11/19, 00:29:15.494, 113154486298, vstest.console.dll, MetadataReaderExtensionsHelper: Discovering extensions inside assembly 'Microsoft.TestPlatform.Extensions.BlameDataCollector, Version=15.0.0.0, Culture=neutral, PublicKeyToken=b03f5f7f11d50a3a' file path 'C:\Program Files\dotnet\sdk\6.0.402\Extensions\Microsoft.TestPlatform.Extensions.BlameDataCollector.dll'
TpTrace Information: 0 : 9760, 1, 2022/11/19, 00:29:15.497, 113154514279, vstest.console.dll, AssemblyResolver.OnResolve: Microsoft.TestPlatform.Extensions.EventLogCollector: Resolving assembly.
TpTrace Information: 0 : 9760, 1, 2022/11/19, 00:29:15.497, 113154515292, vstest.console.dll, AssemblyResolver.OnResolve: Microsoft.TestPlatform.Extensions.EventLogCollector: Searching in: 'C:\Program Files\dotnet\sdk\6.0.402\Extensions'.
TpTrace Information: 0 : 9760, 1, 2022/11/19, 00:29:15.498, 113154528969, vstest.console.dll, AssemblyResolver.OnResolve: Microsoft.TestPlatform.Extensions.EventLogCollector: Loading assembly 'C:\Program Files\dotnet\sdk\6.0.402\Extensions\Microsoft.TestPlatform.Extensions.EventLogCollector.dll'.
TpTrace Information: 0 : 9760, 1, 2022/11/19, 00:29:15.499, 113154534001, vstest.console.dll, AssemblyResolver.OnResolve: Resolved assembly: Microsoft.TestPlatform.Extensions.EventLogCollector, from path: C:\Program Files\dotnet\sdk\6.0.402\Extensions\Microsoft.TestPlatform.Extensions.EventLogCollector.dll
TpTrace Verbose: 0 : 9760, 1, 2022/11/19, 00:29:15.499, 113154534931, vstest.console.dll, MetadataReaderExtensionsHelper: Discovering extensions inside assembly 'Microsoft.TestPlatform.Extensions.EventLogCollector, Version=15.0.0.0, Culture=neutral, PublicKeyToken=b03f5f7f11d50a3a' file path 'C:\Program Files\dotnet\sdk\6.0.402\Extensions\Microsoft.TestPlatform.Extensions.EventLogCollector.dll'
TpTrace Information: 0 : 9760, 1, 2022/11/19, 00:29:15.502, 113154564461, vstest.console.dll, AssemblyResolver.OnResolve: Microsoft.TestPlatform.TestHostRuntimeProvider: Resolving assembly.
TpTrace Information: 0 : 9760, 1, 2022/11/19, 00:29:15.502, 113154565766, vstest.console.dll, AssemblyResolver.OnResolve: Microsoft.TestPlatform.TestHostRuntimeProvider: Searching in: 'C:\Program Files\dotnet\sdk\6.0.402\Extensions'.
TpTrace Information: 0 : 9760, 1, 2022/11/19, 00:29:15.502, 113154569949, vstest.console.dll, AssemblyResolver.OnResolve: Microsoft.TestPlatform.TestHostRuntimeProvider: Loading assembly 'C:\Program Files\dotnet\sdk\6.0.402\Extensions\Microsoft.TestPlatform.TestHostRuntimeProvider.dll'.
TpTrace Information: 0 : 9760, 1, 2022/11/19, 00:29:15.503, 113154575782, vstest.console.dll, AssemblyResolver.OnResolve: Resolved assembly: Microsoft.TestPlatform.TestHostRuntimeProvider, from path: C:\Program Files\dotnet\sdk\6.0.402\Extensions\Microsoft.TestPlatform.TestHostRuntimeProvider.dll
TpTrace Verbose: 0 : 9760, 1, 2022/11/19, 00:29:15.503, 113154577188, vstest.console.dll, MetadataReaderExtensionsHelper: Discovering extensions inside assembly 'Microsoft.TestPlatform.TestHostRuntimeProvider, Version=15.0.0.0, Culture=neutral, PublicKeyToken=b03f5f7f11d50a3a' file path 'C:\Program Files\dotnet\sdk\6.0.402\Extensions\Microsoft.TestPlatform.TestHostRuntimeProvider.dll'
TpTrace Information: 0 : 9760, 1, 2022/11/19, 00:29:15.511, 113154654217, vstest.console.dll, GetTestExtensionFromType: Register extension with identifier data 'HostProvider://DefaultTestHost' and type 'Microsoft.VisualStudio.TestPlatform.CrossPlatEngine.Hosting.DefaultTestHostManager, Microsoft.TestPlatform.TestHostRuntimeProvider, Version=15.0.0.0, Culture=neutral, PublicKeyToken=b03f5f7f11d50a3a' inside file 'C:\Program Files\dotnet\sdk\6.0.402\Extensions\Microsoft.TestPlatform.TestHostRuntimeProvider.dll'
TpTrace Information: 0 : 9760, 1, 2022/11/19, 00:29:15.511, 113154656127, vstest.console.dll, GetTestExtensionFromType: Register extension with identifier data 'HostProvider://DotnetTestHost' and type 'Microsoft.VisualStudio.TestPlatform.CrossPlatEngine.Hosting.DotnetTestHostManager, Microsoft.TestPlatform.TestHostRuntimeProvider, Version=15.0.0.0, Culture=neutral, PublicKeyToken=b03f5f7f11d50a3a' inside file 'C:\Program Files\dotnet\sdk\6.0.402\Extensions\Microsoft.TestPlatform.TestHostRuntimeProvider.dll'
TpTrace Information: 0 : 9760, 1, 2022/11/19, 00:29:15.511, 113154656922, vstest.console.dll, AssemblyResolver.OnResolve: Microsoft.VisualStudio.TestPlatform.Extensions.Html.TestLogger: Resolving assembly.
TpTrace Information: 0 : 9760, 1, 2022/11/19, 00:29:15.511, 113154657196, vstest.console.dll, AssemblyResolver.OnResolve: Microsoft.VisualStudio.TestPlatform.Extensions.Html.TestLogger: Searching in: 'C:\Program Files\dotnet\sdk\6.0.402\Extensions'.
TpTrace Information: 0 : 9760, 1, 2022/11/19, 00:29:15.512, 113154662583, vstest.console.dll, AssemblyResolver.OnResolve: Microsoft.VisualStudio.TestPlatform.Extensions.Html.TestLogger: Loading assembly 'C:\Program Files\dotnet\sdk\6.0.402\Extensions\Microsoft.VisualStudio.TestPlatform.Extensions.Html.TestLogger.dll'.
TpTrace Information: 0 : 9760, 1, 2022/11/19, 00:29:15.512, 113154668688, vstest.console.dll, AssemblyResolver.OnResolve: Resolved assembly: Microsoft.VisualStudio.TestPlatform.Extensions.Html.TestLogger, from path: C:\Program Files\dotnet\sdk\6.0.402\Extensions\Microsoft.VisualStudio.TestPlatform.Extensions.Html.TestLogger.dll
TpTrace Verbose: 0 : 9760, 1, 2022/11/19, 00:29:15.512, 113154669524, vstest.console.dll, MetadataReaderExtensionsHelper: Discovering extensions inside assembly 'Microsoft.VisualStudio.TestPlatform.Extensions.Html.TestLogger, Version=15.0.0.0, Culture=neutral, PublicKeyToken=b03f5f7f11d50a3a' file path 'C:\Program Files\dotnet\sdk\6.0.402\Extensions\Microsoft.VisualStudio.TestPlatform.Extensions.Html.TestLogger.dll'
TpTrace Information: 0 : 9760, 1, 2022/11/19, 00:29:15.513, 113154677004, vstest.console.dll, AssemblyResolver.OnResolve: Microsoft.VisualStudio.TestPlatform.Extensions.Trx.TestLogger: Resolving assembly.
TpTrace Information: 0 : 9760, 1, 2022/11/19, 00:29:15.513, 113154677646, vstest.console.dll, AssemblyResolver.OnResolve: Microsoft.VisualStudio.TestPlatform.Extensions.Trx.TestLogger: Searching in: 'C:\Program Files\dotnet\sdk\6.0.402\Extensions'.
TpTrace Information: 0 : 9760, 1, 2022/11/19, 00:29:15.514, 113154682529, vstest.console.dll, AssemblyResolver.OnResolve: Microsoft.VisualStudio.TestPlatform.Extensions.Trx.TestLogger: Loading assembly 'C:\Program Files\dotnet\sdk\6.0.402\Extensions\Microsoft.VisualStudio.TestPlatform.Extensions.Trx.TestLogger.dll'.
TpTrace Information: 0 : 9760, 1, 2022/11/19, 00:29:15.514, 113154690399, vstest.console.dll, AssemblyResolver.OnResolve: Resolved assembly: Microsoft.VisualStudio.TestPlatform.Extensions.Trx.TestLogger, from path: C:\Program Files\dotnet\sdk\6.0.402\Extensions\Microsoft.VisualStudio.TestPlatform.Extensions.Trx.TestLogger.dll
TpTrace Verbose: 0 : 9760, 1, 2022/11/19, 00:29:15.515, 113154691047, vstest.console.dll, MetadataReaderExtensionsHelper: Discovering extensions inside assembly 'Microsoft.VisualStudio.TestPlatform.Extensions.Trx.TestLogger, Version=15.0.0.0, Culture=neutral, PublicKeyToken=b03f5f7f11d50a3a' file path 'C:\Program Files\dotnet\sdk\6.0.402\Extensions\Microsoft.VisualStudio.TestPlatform.Extensions.Trx.TestLogger.dll'
TpTrace Verbose: 0 : 9760, 1, 2022/11/19, 00:29:15.516, 113154701423, vstest.console.dll, TestPluginCache: Discovered the extensions using extension path ''.
TpTrace Verbose: 0 : 9760, 1, 2022/11/19, 00:29:15.516, 113154701920, vstest.console.dll, TestPluginCache: Discoverers are ''.
TpTrace Verbose: 0 : 9760, 1, 2022/11/19, 00:29:15.516, 113154702111, vstest.console.dll, TestPluginCache: Executors are ''.
TpTrace Verbose: 0 : 9760, 1, 2022/11/19, 00:29:15.516, 113154702270, vstest.console.dll, TestPluginCache: Executors2 are ''.
TpTrace Verbose: 0 : 9760, 1, 2022/11/19, 00:29:15.516, 113154702424, vstest.console.dll, TestPluginCache: Setting providers are ''.
TpTrace Verbose: 0 : 9760, 1, 2022/11/19, 00:29:15.516, 113154702855, vstest.console.dll, TestPluginCache: Loggers are ''.
TpTrace Verbose: 0 : 9760, 1, 2022/11/19, 00:29:15.516, 113154704037, vstest.console.dll, TestPluginCache: TestHosts are 'HostProvider://DefaultTestHost,HostProvider://DotnetTestHost'.
TpTrace Verbose: 0 : 9760, 1, 2022/11/19, 00:29:15.516, 113154704294, vstest.console.dll, TestPluginCache: DataCollectors are ''.
TpTrace Information: 0 : 9760, 1, 2022/11/19, 00:29:15.525, 113154795092, vstest.console.dll, RunTestsArgumentProcessor:Execute: Test run is starting.
TpTrace Verbose: 0 : 9760, 1, 2022/11/19, 00:29:15.525, 113154795768, vstest.console.dll, RunTestsArgumentProcessor:Execute: Queuing Test run.
TpTrace Information: 0 : 9760, 1, 2022/11/19, 00:29:15.525, 113154798188, vstest.console.dll, TestRequestManager.RunTests: run tests started.
TpTrace Information: 0 : 9760, 1, 2022/11/19, 00:29:15.526, 113154809396, vstest.console.dll, AssemblyMetadataProvider.GetFrameworkName: Determined framework:'.NETCoreApp,Version=v6.0' for source: 'C:\Users\PhungVu\Desktop\FinalProject\nashtech-rookies-hn06-final\back-end\AssetManagementTeam6.API.Test\bin\Debug\net6.0\fine-code-coverage\build-output\AssetManagementTeam6.API.Test.dll'
TpTrace Information: 0 : 9760, 1, 2022/11/19, 00:29:15.526, 113154810518, vstest.console.dll, Determined framework for all sources: .NETCoreApp,Version=v6.0
TpTrace Verbose: 0 : 9760, 1, 2022/11/19, 00:29:15.527, 113154814708, vstest.console.dll, TestRequestManager.UpdateRunSettingsIfRequired: Default architecture: X64 IsDefaultTargetArchitecture: True, Current process architecture: X64 OperatingSystem: Windows.
TpTrace Information: 0 : 9760, 1, 2022/11/19, 00:29:15.529, 113154833581, vstest.console.dll, AssemblyMetadataProvider.GetArchitecture: Determined architecture:AnyCPU info for assembly: C:\Users\PhungVu\Desktop\FinalProject\nashtech-rookies-hn06-final\back-end\AssetManagementTeam6.API.Test\bin\Debug\net6.0\fine-code-coverage\build-output\AssetManagementTeam6.API.Test.dll
TpTrace Information: 0 : 9760, 1, 2022/11/19, 00:29:15.529, 113154834002, vstest.console.dll, Determined platform for source 'C:\Users\PhungVu\Desktop\FinalProject\nashtech-rookies-hn06-final\back-end\AssetManagementTeam6.API.Test\bin\Debug\net6.0\fine-code-coverage\build-output\AssetManagementTeam6.API.Test.dll' was AnyCPU and it will use the default plaform X64.
TpTrace Information: 0 : 9760, 1, 2022/11/19, 00:29:15.529, 113154834218, vstest.console.dll, None of the sources provided any runnable platform, using the default platform: X64
TpTrace Information: 0 : 9760, 1, 2022/11/19, 00:29:15.529, 113154834773, vstest.console.dll, Platform was updated to 'X64'.
TpTrace Information: 0 : 9760, 1, 2022/11/19, 00:29:15.532, 113154864333, vstest.console.dll, InferRunSettingsHelper.IsTestSettingsEnabled: Unable to navigate to RunSettings/MSTest. Current node: RunSettings
TpTrace Information: 0 : 9760, 1, 2022/11/19, 00:29:15.532, 113154868949, vstest.console.dll, AssemblyResolver.OnResolve: Microsoft.VisualStudio.TestPlatform.Fakes: Resolving assembly.
TpTrace Information: 0 : 9760, 1, 2022/11/19, 00:29:15.532, 113154869466, vstest.console.dll, AssemblyResolver.OnResolve: Microsoft.VisualStudio.TestPlatform.Fakes: Searching in: 'C:\Program Files\dotnet\sdk\6.0.402\Extensions'.
TpTrace Information: 0 : 9760, 1, 2022/11/19, 00:29:15.532, 113154870426, vstest.console.dll, AssemblyResolver.OnResolve: Microsoft.VisualStudio.TestPlatform.Fakes: Assembly path does not exist: 'C:\Program Files\dotnet\sdk\6.0.402\Extensions\Microsoft.VisualStudio.TestPlatform.Fakes.dll', returning.
TpTrace Information: 0 : 9760, 1, 2022/11/19, 00:29:15.533, 113154871002, vstest.console.dll, AssemblyResolver.OnResolve: Microsoft.VisualStudio.TestPlatform.Fakes: Assembly path does not exist: 'C:\Program Files\dotnet\sdk\6.0.402\Extensions\Microsoft.VisualStudio.TestPlatform.Fakes.exe', returning.
TpTrace Information: 0 : 9760, 1, 2022/11/19, 00:29:15.533, 113154871408, vstest.console.dll, AssemblyResolver.OnResolve: Microsoft.VisualStudio.TestPlatform.Fakes: Searching in: 'C:\Program Files\dotnet\sdk\6.0.402'.
TpTrace Information: 0 : 9760, 1, 2022/11/19, 00:29:15.533, 113154872041, vstest.console.dll, AssemblyResolver.OnResolve: Microsoft.VisualStudio.TestPlatform.Fakes: Assembly path does not exist: 'C:\Program Files\dotnet\sdk\6.0.402\Microsoft.VisualStudio.TestPlatform.Fakes.dll', returning.
TpTrace Information: 0 : 9760, 1, 2022/11/19, 00:29:15.533, 113154872498, vstest.console.dll, AssemblyResolver.OnResolve: Microsoft.VisualStudio.TestPlatform.Fakes: Assembly path does not exist: 'C:\Program Files\dotnet\sdk\6.0.402\Microsoft.VisualStudio.TestPlatform.Fakes.exe', returning.
TpTrace Information: 0 : 9760, 1, 2022/11/19, 00:29:15.533, 113154872706, vstest.console.dll, AssemblyResolver.OnResolve: Microsoft.VisualStudio.TestPlatform.Fakes: Failed to load assembly.
TpTrace Information: 0 : 9760, 1, 2022/11/19, 00:29:15.533, 113154874693, vstest.console.dll, Failed to load assembly Microsoft.VisualStudio.TestPlatform.Fakes, Version=17.0.0.0, Culture=neutral. Reason:System.IO.FileNotFoundException: Could not load file or assembly 'Microsoft.VisualStudio.TestPlatform.Fakes, Version=17.0.0.0, Culture=neutral, PublicKeyToken=null'. The system cannot find the file specified.
File name: 'Microsoft.VisualStudio.TestPlatform.Fakes, Version=17.0.0.0, Culture=neutral, PublicKeyToken=null'
   at System.Reflection.RuntimeAssembly.InternalLoad(ObjectHandleOnStack assemblyName, ObjectHandleOnStack requestingAssembly, StackCrawlMarkHandle stackMark, Boolean throwOnFileNotFound, ObjectHandleOnStack assemblyLoadContext, ObjectHandleOnStack retAssembly)
   at System.Reflection.RuntimeAssembly.InternalLoad(AssemblyName assemblyName, RuntimeAssembly requestingAssembly, StackCrawlMark& stackMark, Boolean throwOnFileNotFound, AssemblyLoadContext assemblyLoadContext)
   at System.Reflection.Assembly.Load(AssemblyName assemblyRef)
   at Microsoft.VisualStudio.TestPlatform.Common.Utilities.FakesUtilities.LoadTestPlatformAssembly()
TpTrace Verbose: 0 : 9760, 1, 2022/11/19, 00:29:15.536, 113154902846, vstest.console.dll, TestPluginCache.DiscoverTestExtensions: finding test extensions in assemblies ends with: TestLogger.dll TPluginInfo: Microsoft.VisualStudio.TestPlatform.Common.ExtensionFramework.Utilities.TestLoggerPluginInformation TExtension: Microsoft.VisualStudio.TestPlatform.ObjectModel.Client.ITestLogger
TpTrace Verbose: 0 : 9760, 1, 2022/11/19, 00:29:15.536, 113154903636, vstest.console.dll, TestPluginCache.GetExtensionPaths: Filtered extension paths: 
TpTrace Verbose: 0 : 9760, 1, 2022/11/19, 00:29:15.536, 113154903894, vstest.console.dll, TestPluginCache.GetExtensionPaths: Added default extension paths: C:\Program Files\dotnet\sdk\6.0.402\Extensions\Microsoft.Diagnostics.NETCore.Client.dll
C:\Program Files\dotnet\sdk\6.0.402\Extensions\Microsoft.TestPlatform.Extensions.BlameDataCollector.dll
C:\Program Files\dotnet\sdk\6.0.402\Extensions\Microsoft.TestPlatform.Extensions.EventLogCollector.dll
C:\Program Files\dotnet\sdk\6.0.402\Extensions\Microsoft.TestPlatform.TestHostRuntimeProvider.dll
C:\Program Files\dotnet\sdk\6.0.402\Extensions\Microsoft.VisualStudio.TestPlatform.Extensions.Html.TestLogger.dll
C:\Program Files\dotnet\sdk\6.0.402\Extensions\Microsoft.VisualStudio.TestPlatform.Extensions.Trx.TestLogger.dll
TpTrace Verbose: 0 : 9760, 1, 2022/11/19, 00:29:15.536, 113154904112, vstest.console.dll, TestPluginCache.GetExtensionPaths: Added unfilterableExtensionPaths: 
TpTrace Information: 0 : 9760, 1, 2022/11/19, 00:29:15.536, 113154904992, vstest.console.dll, AssemblyResolver.AddSearchDirectories: Adding more searchDirectories C:\Program Files\dotnet\sdk\6.0.402\Extensions,C:\Program Files\dotnet\sdk\6.0.402
TpTrace Verbose: 0 : 9760, 1, 2022/11/19, 00:29:15.536, 113154905332, vstest.console.dll, TestPluginCache.DiscoverTestExtensions: Discovering the extensions using extension path.
TpTrace Verbose: 0 : 9760, 1, 2022/11/19, 00:29:15.536, 113154905597, vstest.console.dll, TestPluginCache.GetExtensionPaths: Filtered extension paths: 
TpTrace Verbose: 0 : 9760, 1, 2022/11/19, 00:29:15.536, 113154905834, vstest.console.dll, TestPluginCache.GetExtensionPaths: Added default extension paths: C:\Program Files\dotnet\sdk\6.0.402\Extensions\Microsoft.Diagnostics.NETCore.Client.dll
C:\Program Files\dotnet\sdk\6.0.402\Extensions\Microsoft.TestPlatform.Extensions.BlameDataCollector.dll
C:\Program Files\dotnet\sdk\6.0.402\Extensions\Microsoft.TestPlatform.Extensions.EventLogCollector.dll
C:\Program Files\dotnet\sdk\6.0.402\Extensions\Microsoft.TestPlatform.TestHostRuntimeProvider.dll
C:\Program Files\dotnet\sdk\6.0.402\Extensions\Microsoft.VisualStudio.TestPlatform.Extensions.Html.TestLogger.dll
C:\Program Files\dotnet\sdk\6.0.402\Extensions\Microsoft.VisualStudio.TestPlatform.Extensions.Trx.TestLogger.dll
TpTrace Verbose: 0 : 9760, 1, 2022/11/19, 00:29:15.536, 113154906467, vstest.console.dll, TestPluginCache.GetExtensionPaths: Added unfilterableExtensionPaths: 
TpTrace Verbose: 0 : 9760, 1, 2022/11/19, 00:29:15.536, 113154906761, vstest.console.dll, TestPluginCache.DiscoverTestExtensions: Discovering the extensions using allExtensionPaths: C:\Program Files\dotnet\sdk\6.0.402\Extensions\Microsoft.Diagnostics.NETCore.Client.dll
C:\Program Files\dotnet\sdk\6.0.402\Extensions\Microsoft.TestPlatform.Extensions.BlameDataCollector.dll
C:\Program Files\dotnet\sdk\6.0.402\Extensions\Microsoft.TestPlatform.Extensions.EventLogCollector.dll
C:\Program Files\dotnet\sdk\6.0.402\Extensions\Microsoft.TestPlatform.TestHostRuntimeProvider.dll
C:\Program Files\dotnet\sdk\6.0.402\Extensions\Microsoft.VisualStudio.TestPlatform.Extensions.Html.TestLogger.dll
C:\Program Files\dotnet\sdk\6.0.402\Extensions\Microsoft.VisualStudio.TestPlatform.Extensions.Trx.TestLogger.dll
TpTrace Information: 0 : 9760, 1, 2022/11/19, 00:29:15.536, 113154907073, vstest.console.dll, AssemblyResolver.AddSearchDirectories: Adding more searchDirectories C:\Program Files\dotnet\sdk\6.0.402\Extensions,C:\Program Files\dotnet\sdk\6.0.402
TpTrace Information: 0 : 9760, 1, 2022/11/19, 00:29:15.536, 113154907361, vstest.console.dll, AssemblyResolver.AddSearchDirectories: Adding more searchDirectories C:\Program Files\dotnet\sdk\6.0.402\Extensions,C:\Program Files\dotnet\sdk\6.0.402
TpTrace Information: 0 : 9760, 1, 2022/11/19, 00:29:15.536, 113154907794, vstest.console.dll, AssemblyResolver.AddSearchDirectories: Adding more searchDirectories C:\Program Files\dotnet\sdk\6.0.402\Extensions,C:\Program Files\dotnet\sdk\6.0.402
TpTrace Information: 0 : 9760, 1, 2022/11/19, 00:29:15.536, 113154907998, vstest.console.dll, AssemblyResolver.AddSearchDirectories: Adding more searchDirectories C:\Program Files\dotnet\sdk\6.0.402\Extensions,C:\Program Files\dotnet\sdk\6.0.402
TpTrace Information: 0 : 9760, 1, 2022/11/19, 00:29:15.536, 113154908567, vstest.console.dll, AssemblyResolver.AddSearchDirectories: Adding more searchDirectories C:\Program Files\dotnet\sdk\6.0.402\Extensions,C:\Program Files\dotnet\sdk\6.0.402
TpTrace Information: 0 : 9760, 1, 2022/11/19, 00:29:15.536, 113154908847, vstest.console.dll, AssemblyResolver.AddSearchDirectories: Adding more searchDirectories C:\Program Files\dotnet\sdk\6.0.402\Extensions,C:\Program Files\dotnet\sdk\6.0.402
TpTrace Verbose: 0 : 9760, 1, 2022/11/19, 00:29:15.536, 113154909732, vstest.console.dll, MetadataReaderExtensionsHelper: Discovering extensions inside assembly 'Microsoft.Diagnostics.NETCore.Client, Version=0.2.5.801, Culture=neutral, PublicKeyToken=31bf3856ad364e35' file path 'C:\Program Files\dotnet\sdk\6.0.402\Extensions\Microsoft.Diagnostics.NETCore.Client.dll'
TpTrace Information: 0 : 9760, 1, 2022/11/19, 00:29:15.537, 113154915904, vstest.console.dll, AssemblyResolver.OnResolve: Microsoft.Bcl.AsyncInterfaces: Resolving assembly.
TpTrace Information: 0 : 9760, 1, 2022/11/19, 00:29:15.537, 113154916285, vstest.console.dll, AssemblyResolver.OnResolve: Microsoft.Bcl.AsyncInterfaces: Resolved from cache.
TpTrace Verbose: 0 : 9760, 1, 2022/11/19, 00:29:15.537, 113154916508, vstest.console.dll, CurrentDomainAssemblyResolve: Resolving assembly 'Microsoft.Bcl.AsyncInterfaces'.
TpTrace Information: 0 : 9760, 1, 2022/11/19, 00:29:15.537, 113154917155, vstest.console.dll, AssemblyResolver.OnResolve: Microsoft.Bcl.AsyncInterfaces: Resolving assembly.
TpTrace Information: 0 : 9760, 1, 2022/11/19, 00:29:15.537, 113154917367, vstest.console.dll, AssemblyResolver.OnResolve: Microsoft.Bcl.AsyncInterfaces: Resolved from cache.
TpTrace Verbose: 0 : 9760, 1, 2022/11/19, 00:29:15.537, 113154917565, vstest.console.dll, CurrentDomainAssemblyResolve: Resolving assembly 'Microsoft.Bcl.AsyncInterfaces'.
TpTrace Verbose: 0 : 9760, 1, 2022/11/19, 00:29:15.537, 113154917735, vstest.console.dll, CurrentDomainAssemblyResolve: Failed to resolve assembly 'Microsoft.Bcl.AsyncInterfaces'.
TpTrace Verbose: 0 : 9760, 1, 2022/11/19, 00:29:15.537, 113154918840, vstest.console.dll, CurrentDomainAssemblyResolve: Failed to resolve assembly 'Microsoft.Bcl.AsyncInterfaces'.
TpTrace Warning: 0 : 9760, 1, 2022/11/19, 00:29:15.538, 113154922291, vstest.console.dll, TestPluginDiscoverer: Failed to get types from assembly 'Microsoft.Diagnostics.NETCore.Client, Version=0.2.5.801, Culture=neutral, PublicKeyToken=31bf3856ad364e35'. Error: System.Reflection.ReflectionTypeLoadException: Unable to load one or more of the requested types.
Could not load file or assembly 'Microsoft.Bcl.AsyncInterfaces, Version=1.0.0.0, Culture=neutral, PublicKeyToken=cc7b13ffcd2ddd51'. The system cannot find the file specified.
   at System.Reflection.RuntimeModule.GetTypes(RuntimeModule module)
   at System.Reflection.Assembly.GetTypes()
   at Microsoft.VisualStudio.TestPlatform.Common.ExtensionFramework.TestPluginDiscoverer.GetTestExtensionsFromAssembly[TPluginInfo,TExtension](Assembly assembly, Dictionary`2 pluginInfos, String filePath)
System.IO.FileNotFoundException: Could not load file or assembly 'Microsoft.Bcl.AsyncInterfaces, Version=1.0.0.0, Culture=neutral, PublicKeyToken=cc7b13ffcd2ddd51'. The system cannot find the file specified.
File name: 'Microsoft.Bcl.AsyncInterfaces, Version=1.0.0.0, Culture=neutral, PublicKeyToken=cc7b13ffcd2ddd51'
 ---> System.IO.FileNotFoundException: Could not load file or assembly 'Microsoft.Bcl.AsyncInterfaces, Culture=neutral, PublicKeyToken=null'. The system cannot find the file specified.
File name: 'Microsoft.Bcl.AsyncInterfaces, Culture=neutral, PublicKeyToken=null'
   at System.Reflection.RuntimeAssembly.InternalLoad(ObjectHandleOnStack assemblyName, ObjectHandleOnStack requestingAssembly, StackCrawlMarkHandle stackMark, Boolean throwOnFileNotFound, ObjectHandleOnStack assemblyLoadContext, ObjectHandleOnStack retAssembly)
   at System.Reflection.RuntimeAssembly.InternalLoad(AssemblyName assemblyName, RuntimeAssembly requestingAssembly, StackCrawlMark& stackMark, Boolean throwOnFileNotFound, AssemblyLoadContext assemblyLoadContext)
   at System.Reflection.Assembly.Load(AssemblyName assemblyRef)
   at Microsoft.VisualStudio.TestPlatform.Common.ExtensionFramework.TestPluginCache.CurrentDomainAssemblyResolve(Object sender, AssemblyResolveEventArgs args)
   at Microsoft.VisualStudio.TestPlatform.PlatformAbstractions.PlatformAssemblyResolver.AssemblyResolverEvent(Object sender, Object eventArgs)
   at System.Runtime.Loader.AssemblyLoadContext.GetFirstResolvedAssemblyFromResolvingEvent(AssemblyName assemblyName)
   at System.Runtime.Loader.AssemblyLoadContext.ResolveUsingEvent(AssemblyName assemblyName)
   at System.Runtime.Loader.AssemblyLoadContext.ResolveUsingResolvingEvent(IntPtr gchManagedAssemblyLoadContext, AssemblyName assemblyName)
TpTrace Warning: 0 : 9760, 1, 2022/11/19, 00:29:15.538, 113154924056, vstest.console.dll, LoaderExceptions: System.IO.FileNotFoundException: Could not load file or assembly 'Microsoft.Bcl.AsyncInterfaces, Version=1.0.0.0, Culture=neutral, PublicKeyToken=cc7b13ffcd2ddd51'. The system cannot find the file specified.
File name: 'Microsoft.Bcl.AsyncInterfaces, Version=1.0.0.0, Culture=neutral, PublicKeyToken=cc7b13ffcd2ddd51'
 ---> System.IO.FileNotFoundException: Could not load file or assembly 'Microsoft.Bcl.AsyncInterfaces, Culture=neutral, PublicKeyToken=null'. The system cannot find the file specified.
File name: 'Microsoft.Bcl.AsyncInterfaces, Culture=neutral, PublicKeyToken=null'
   at System.Reflection.RuntimeAssembly.InternalLoad(ObjectHandleOnStack assemblyName, ObjectHandleOnStack requestingAssembly, StackCrawlMarkHandle stackMark, Boolean throwOnFileNotFound, ObjectHandleOnStack assemblyLoadContext, ObjectHandleOnStack retAssembly)
   at System.Reflection.RuntimeAssembly.InternalLoad(AssemblyName assemblyName, RuntimeAssembly requestingAssembly, StackCrawlMark& stackMark, Boolean throwOnFileNotFound, AssemblyLoadContext assemblyLoadContext)
   at System.Reflection.Assembly.Load(AssemblyName assemblyRef)
   at Microsoft.VisualStudio.TestPlatform.Common.ExtensionFramework.TestPluginCache.CurrentDomainAssemblyResolve(Object sender, AssemblyResolveEventArgs args)
   at Microsoft.VisualStudio.TestPlatform.PlatformAbstractions.PlatformAssemblyResolver.AssemblyResolverEvent(Object sender, Object eventArgs)
   at System.Runtime.Loader.AssemblyLoadContext.GetFirstResolvedAssemblyFromResolvingEvent(AssemblyName assemblyName)
   at System.Runtime.Loader.AssemblyLoadContext.ResolveUsingEvent(AssemblyName assemblyName)
   at System.Runtime.Loader.AssemblyLoadContext.ResolveUsingResolvingEvent(IntPtr gchManagedAssemblyLoadContext, AssemblyName assemblyName)
TpTrace Verbose: 0 : 9760, 1, 2022/11/19, 00:29:15.538, 113154924899, vstest.console.dll, MetadataReaderExtensionsHelper: Discovering extensions inside assembly 'Microsoft.TestPlatform.Extensions.BlameDataCollector, Version=15.0.0.0, Culture=neutral, PublicKeyToken=b03f5f7f11d50a3a' file path 'C:\Program Files\dotnet\sdk\6.0.402\Extensions\Microsoft.TestPlatform.Extensions.BlameDataCollector.dll'
TpTrace Information: 0 : 9760, 1, 2022/11/19, 00:29:15.538, 113154930564, vstest.console.dll, GetTestExtensionFromType: Register extension with identifier data 'logger://Microsoft/TestPlatform/Extensions/Blame/v1' and type 'Microsoft.TestPlatform.Extensions.BlameDataCollector.BlameLogger, Microsoft.TestPlatform.Extensions.BlameDataCollector, Version=15.0.0.0, Culture=neutral, PublicKeyToken=b03f5f7f11d50a3a' inside file 'C:\Program Files\dotnet\sdk\6.0.402\Extensions\Microsoft.TestPlatform.Extensions.BlameDataCollector.dll'
TpTrace Verbose: 0 : 9760, 1, 2022/11/19, 00:29:15.539, 113154931074, vstest.console.dll, MetadataReaderExtensionsHelper: Discovering extensions inside assembly 'Microsoft.TestPlatform.Extensions.EventLogCollector, Version=15.0.0.0, Culture=neutral, PublicKeyToken=b03f5f7f11d50a3a' file path 'C:\Program Files\dotnet\sdk\6.0.402\Extensions\Microsoft.TestPlatform.Extensions.EventLogCollector.dll'
TpTrace Verbose: 0 : 9760, 1, 2022/11/19, 00:29:15.539, 113154935537, vstest.console.dll, MetadataReaderExtensionsHelper: Discovering extensions inside assembly 'Microsoft.TestPlatform.TestHostRuntimeProvider, Version=15.0.0.0, Culture=neutral, PublicKeyToken=b03f5f7f11d50a3a' file path 'C:\Program Files\dotnet\sdk\6.0.402\Extensions\Microsoft.TestPlatform.TestHostRuntimeProvider.dll'
TpTrace Verbose: 0 : 9760, 1, 2022/11/19, 00:29:15.539, 113154939581, vstest.console.dll, MetadataReaderExtensionsHelper: Discovering extensions inside assembly 'Microsoft.VisualStudio.TestPlatform.Extensions.Html.TestLogger, Version=15.0.0.0, Culture=neutral, PublicKeyToken=b03f5f7f11d50a3a' file path 'C:\Program Files\dotnet\sdk\6.0.402\Extensions\Microsoft.VisualStudio.TestPlatform.Extensions.Html.TestLogger.dll'
TpTrace Information: 0 : 9760, 1, 2022/11/19, 00:29:15.540, 113154943913, vstest.console.dll, GetTestExtensionFromType: Register extension with identifier data 'logger://Microsoft/TestPlatform/HtmlLogger/v1' and type 'Microsoft.VisualStudio.TestPlatform.Extensions.HtmlLogger.HtmlLogger, Microsoft.VisualStudio.TestPlatform.Extensions.Html.TestLogger, Version=15.0.0.0, Culture=neutral, PublicKeyToken=b03f5f7f11d50a3a' inside file 'C:\Program Files\dotnet\sdk\6.0.402\Extensions\Microsoft.VisualStudio.TestPlatform.Extensions.Html.TestLogger.dll'
TpTrace Verbose: 0 : 9760, 1, 2022/11/19, 00:29:15.540, 113154944593, vstest.console.dll, MetadataReaderExtensionsHelper: Discovering extensions inside assembly 'Microsoft.VisualStudio.TestPlatform.Extensions.Trx.TestLogger, Version=15.0.0.0, Culture=neutral, PublicKeyToken=b03f5f7f11d50a3a' file path 'C:\Program Files\dotnet\sdk\6.0.402\Extensions\Microsoft.VisualStudio.TestPlatform.Extensions.Trx.TestLogger.dll'
TpTrace Information: 0 : 9760, 1, 2022/11/19, 00:29:15.540, 113154948902, vstest.console.dll, GetTestExtensionFromType: Register extension with identifier data 'logger://Microsoft/TestPlatform/TrxLogger/v1' and type 'Microsoft.VisualStudio.TestPlatform.Extensions.TrxLogger.TrxLogger, Microsoft.VisualStudio.TestPlatform.Extensions.Trx.TestLogger, Version=15.0.0.0, Culture=neutral, PublicKeyToken=b03f5f7f11d50a3a' inside file 'C:\Program Files\dotnet\sdk\6.0.402\Extensions\Microsoft.VisualStudio.TestPlatform.Extensions.Trx.TestLogger.dll'
TpTrace Verbose: 0 : 9760, 1, 2022/11/19, 00:29:15.540, 113154949444, vstest.console.dll, TestPluginCache: Discovered the extensions using extension path ''.
TpTrace Verbose: 0 : 9760, 1, 2022/11/19, 00:29:15.540, 113154949677, vstest.console.dll, TestPluginCache: Discoverers are ''.
TpTrace Verbose: 0 : 9760, 1, 2022/11/19, 00:29:15.540, 113154949841, vstest.console.dll, TestPluginCache: Executors are ''.
TpTrace Verbose: 0 : 9760, 1, 2022/11/19, 00:29:15.540, 113154950205, vstest.console.dll, TestPluginCache: Executors2 are ''.
TpTrace Verbose: 0 : 9760, 1, 2022/11/19, 00:29:15.540, 113154950380, vstest.console.dll, TestPluginCache: Setting providers are ''.
TpTrace Verbose: 0 : 9760, 1, 2022/11/19, 00:29:15.541, 113154950916, vstest.console.dll, TestPluginCache: Loggers are 'logger://Microsoft/TestPlatform/Extensions/Blame/v1,logger://Microsoft/TestPlatform/HtmlLogger/v1,logger://Microsoft/TestPlatform/TrxLogger/v1'.
TpTrace Verbose: 0 : 9760, 1, 2022/11/19, 00:29:15.541, 113154951230, vstest.console.dll, TestPluginCache: TestHosts are 'HostProvider://DefaultTestHost,HostProvider://DotnetTestHost'.
TpTrace Verbose: 0 : 9760, 1, 2022/11/19, 00:29:15.541, 113154951416, vstest.console.dll, TestPluginCache: DataCollectors are ''.
TpTrace Information: 0 : 9760, 1, 2022/11/19, 00:29:15.541, 113154956553, vstest.console.dll, TestPluginManager.CreateTestExtension: Attempting to load test extension: Microsoft.TestPlatform.Extensions.BlameDataCollector.BlameLogger
TpTrace Verbose: 0 : 9760, 1, 2022/11/19, 00:29:15.545, 113154998039, vstest.console.dll, TestEngine: Initializing Parallel Execution as MaxCpuCount is set to: 1
TpTrace Information: 0 : 9760, 1, 2022/11/19, 00:29:15.546, 113155010128, vstest.console.dll, TestPluginManager.CreateTestExtension: Attempting to load test extension: Microsoft.VisualStudio.TestPlatform.CrossPlatEngine.Hosting.DefaultTestHostManager
TpTrace Information: 0 : 9760, 1, 2022/11/19, 00:29:15.547, 113155015575, vstest.console.dll, TestPluginManager.CreateTestExtension: Attempting to load test extension: Microsoft.VisualStudio.TestPlatform.CrossPlatEngine.Hosting.DotnetTestHostManager
TpTrace Information: 0 : 9760, 1, 2022/11/19, 00:29:15.547, 113155019972, vstest.console.dll, InferRunSettingsHelper.IsTestSettingsEnabled: Unable to navigate to RunSettings/MSTest. Current node: RunSettings
TpTrace Verbose: 0 : 9760, 1, 2022/11/19, 00:29:15.551, 113155059485, vstest.console.dll, TestEngine.GetExecutionManager: Chosen execution manager 'Microsoft.VisualStudio.TestPlatform.CrossPlatEngine.Client.Parallel.ParallelProxyExecutionManager, Microsoft.TestPlatform.CrossPlatEngine, Version=15.0.0.0, Culture=neutral, PublicKeyToken=b03f5f7f11d50a3a' ParallelLevel '1'.
TpTrace Verbose: 0 : 9760, 1, 2022/11/19, 00:29:15.551, 113155060761, vstest.console.dll, TestRunRequest.ExecuteAsync: Creating test run request.
TpTrace Verbose: 0 : 9760, 1, 2022/11/19, 00:29:15.552, 113155062661, vstest.console.dll, TestRunRequest.ExecuteAsync: Starting.
TpTrace Information: 0 : 9760, 1, 2022/11/19, 00:29:15.552, 113155065266, vstest.console.dll, TestRunRequest.ExecuteAsync: Starting run with settings:TestRunCriteria:
   KeepAlive=False,FrequencyOfRunStatsChangeEvent=10,RunStatsChangeEventTimeout=00:00:01.5000000,TestCaseFilter=,TestExecutorLauncher=
   Settingsxml=<RunSettings>
  <RunConfiguration>
    <ResultsDirectory>C:\Users\PhungVu\Desktop\FinalProject\nashtech-rookies-hn06-final\back-end\AssetManagementTeam6.API.Test\bin\Debug\net6.0\fine-code-coverage\coverage-tool-output</ResultsDirectory>
    <TargetPlatform>X64</TargetPlatform>
    <TargetFrameworkVersion>.NETCoreApp,Version=v6.0</TargetFrameworkVersion>
    <DesignMode>False</DesignMode>
    <CollectSourceInformation>False</CollectSourceInformation>
  </RunConfiguration>
  <LoggerRunSettings>
    <Loggers>
      <Logger friendlyName="blame" enabled="True" />
      <Logger friendlyName="Console" uri="logger://microsoft/TestPlatform/ConsoleLogger/v1" assemblyQualifiedName="Microsoft.VisualStudio.TestPlatform.CommandLine.Internal.ConsoleLogger, vstest.console, Version=15.0.0.0, Culture=neutral, PublicKeyToken=b03f5f7f11d50a3a" codeBase="C:\Program Files\dotnet\sdk\6.0.402\vstest.console.dll" enabled="True" />
    </Loggers>
  </LoggerRunSettings>
  <DataCollectionRunSettings>
    <DataCollectors>
      <DataCollector friendlyName="blame" enabled="True">
        <Configuration>
          <ResultsDirectory>C:\Users\PhungVu\Desktop\FinalProject\nashtech-rookies-hn06-final\back-end\AssetManagementTeam6.API.Test\bin\Debug\net6.0\fine-code-coverage\coverage-tool-output</ResultsDirectory>
        </Configuration>
      </DataCollector>
    </DataCollectors>
  </DataCollectionRunSettings>
</RunSettings>

TpTrace Verbose: 0 : 9760, 1, 2022/11/19, 00:29:15.552, 113155065757, vstest.console.dll, TestRunRequest.ExecuteAsync: Wait for the first run request is over.
TpTrace Verbose: 0 : 9760, 1, 2022/11/19, 00:29:15.553, 113155072032, vstest.console.dll, MulticastDelegateUtilities.SafeInvoke: TestRun.TestRunStart: Invoking callbacks was skipped because there are no subscribers.
TpTrace Verbose: 0 : 9760, 4, 2022/11/19, 00:29:15.553, 113155074433, vstest.console.dll, MulticastDelegateUtilities.SafeInvoke: InternalTestLoggerEvents.SendTestRunStart: Invoking callback 1/1 for Microsoft.VisualStudio.TestPlatform.CommandLine.Internal.ConsoleLogger.TestRunStartHandler, took 0 ms.
TpTrace Verbose: 0 : 9760, 1, 2022/11/19, 00:29:15.554, 113155087504, vstest.console.dll, ParallelProxyExecutionManager: Start execution. Total sources: 1
TpTrace Verbose: 0 : 9760, 1, 2022/11/19, 00:29:15.556, 113155102502, vstest.console.dll, TestRequestSender is acting as server.
TpTrace Verbose: 0 : 9760, 1, 2022/11/19, 00:29:15.557, 113155112337, vstest.console.dll, DataCollectionRequestSender.InitializeCommunication : Initialize communication. 
TpTrace Information: 0 : 9760, 1, 2022/11/19, 00:29:15.561, 113155158075, vstest.console.dll, Listening on Endpoint : 127.0.0.1:62699
TpTrace Verbose: 0 : 9760, 1, 2022/11/19, 00:29:15.568, 113155225021, vstest.console.dll, DotnetDataCollectionLauncher: Adding  --runtimeconfig "C:\Program Files\dotnet\sdk\6.0.402\datacollector.runtimeconfig.json" in args
TpTrace Verbose: 0 : 9760, 1, 2022/11/19, 00:29:15.568, 113155229345, vstest.console.dll, DotnetDataCollectionLauncher: Adding  --depsfile "C:\Program Files\dotnet\sdk\6.0.402\datacollector.deps.json" in args
TpTrace Verbose: 0 : 9760, 1, 2022/11/19, 00:29:15.569, 113155233621, vstest.console.dll, DotnetDataCollectionLauncher: Full path of dotnet.exe is C:\Program Files\dotnet\dotnet.exe
TpTrace Information: 0 : 9760, 1, 2022/11/19, 00:29:15.580, 113155347005, vstest.console.dll, ProxyDataCollectionManager.Initialize: Launched datacollector processId: 1172 port: 62699
TpTrace Information: 0 : 9760, 1, 2022/11/19, 00:29:15.580, 113155348487, vstest.console.dll, ProxyDataCollectionManager.Initialize: waiting for connection with timeout: 90 seconds
TpTrace Verbose: 0 : 9760, 1, 2022/11/19, 00:29:15.580, 113155348976, vstest.console.dll, DataCollectionRequestSender.WaitForRequestHandlerConnection : Waiting for connection with timeout: 90000
TpTrace Information: 0 : 9760, 5, 2022/11/19, 00:29:15.684, 113156381395, vstest.console.dll, Using the buffer size of 16384 bytes
TpTrace Information: 0 : 9760, 5, 2022/11/19, 00:29:15.684, 113156382522, vstest.console.dll, Accepted Client request and set the flag
TpTrace Verbose: 0 : 9760, 1, 2022/11/19, 00:29:15.684, 113156381539, vstest.console.dll, SocketCommunicationManager.WaitForClientConnection took: 103 ms, with 90000 ms timeout, and finished with True.
TpTrace Verbose: 0 : 9760, 1, 2022/11/19, 00:29:15.684, 113156383977, vstest.console.dll, ProxyDataCollectionManager.InvokeDataCollectionServiceAction: Starting.
TpTrace Information: 0 : 9760, 1, 2022/11/19, 00:29:15.684, 113156384702, vstest.console.dll, ProxyDataCollectionManager.BeforeTestRunStart: Get environment variable and port for datacollector processId: 1172 port: 62699
TpTrace Verbose: 0 : 9760, 1, 2022/11/19, 00:29:15.684, 113156385459, vstest.console.dll, DataCollectionRequestSender.SendBeforeTestRunStartAndGetResult: Send BeforeTestRunStart message with settingsXml <RunSettings><RunConfiguration><ResultsDirectory>C:\Users\PhungVu\Desktop\FinalProject\nashtech-rookies-hn06-final\back-end\AssetManagementTeam6.API.Test\bin\Debug\net6.0\fine-code-coverage\coverage-tool-output</ResultsDirectory><TargetPlatform>X64</TargetPlatform><TargetFrameworkVersion>.NETCoreApp,Version=v6.0</TargetFrameworkVersion><DesignMode>False</DesignMode><CollectSourceInformation>False</CollectSourceInformation><TestAdaptersPaths>C:\Program Files\dotnet\sdk\6.0.402\Extensions</TestAdaptersPaths></RunConfiguration><LoggerRunSettings><Loggers><Logger friendlyName="blame" enabled="True" /><Logger friendlyName="Console" uri="logger://microsoft/TestPlatform/ConsoleLogger/v1" assemblyQualifiedName="Microsoft.VisualStudio.TestPlatform.CommandLine.Internal.ConsoleLogger, vstest.console, Version=15.0.0.0, Culture=neutral, PublicKeyToken=b03f5f7f11d50a3a" codeBase="C:\Program Files\dotnet\sdk\6.0.402\vstest.console.dll" enabled="True" /></Loggers></LoggerRunSettings><DataCollectionRunSettings><DataCollectors><DataCollector friendlyName="blame" enabled="True"><Configuration><ResultsDirectory>C:\Users\PhungVu\Desktop\FinalProject\nashtech-rookies-hn06-final\back-end\AssetManagementTeam6.API.Test\bin\Debug\net6.0\fine-code-coverage\coverage-tool-output</ResultsDirectory></Configuration></DataCollector></DataCollectors></DataCollectionRunSettings></RunSettings> and sources System.Collections.Generic.List`1[System.String]: 
TpTrace Verbose: 0 : 9760, 1, 2022/11/19, 00:29:15.733, 113156875489, vstest.console.dll, DataCollectionRequestSender.SendBeforeTestRunStartAndGetResult: Received message: (DataCollection.SendMessage) -> {"MessageType":"DataCollection.SendMessage","Payload":{"FriendlyName":null,"Uri":null,"TestCaseId":"00000000-0000-0000-0000-000000000000","Message":"Logging DataCollector Diagnostics in file: C:\\Users\\PhungVu\\Desktop\\FinalProject\\nashtech-rookies-hn06-final\\back-end\\AssetManagementTeam6.API.Test\\bin\\Debug\\net6.0\\fine-code-coverage\\coverage-tool-output\\diagnostics.datacollector.22-11-19_00-29-15_56818_1.log","Level":0}}
TpTrace Verbose: 0 : 9760, 1, 2022/11/19, 00:29:15.798, 113157526271, vstest.console.dll, DataCollectionRequestSender.SendBeforeTestRunStartAndGetResult: Received message: (DataCollection.BeforeTestRunStartResult) -> {"MessageType":"DataCollection.BeforeTestRunStartResult","Payload":{"EnvironmentVariables":{},"DataCollectionEventsPort":62701}}
TpTrace Information: 0 : 9760, 1, 2022/11/19, 00:29:15.802, 113157567079, vstest.console.dll, ProxyDataCollectionManager.BeforeTestRunStart: SendBeforeTestRunStartAndGetResult successful, env variable from datacollector:   and testhost port: 62701
TpTrace Information: 0 : 9760, 1, 2022/11/19, 00:29:15.802, 113157567599, vstest.console.dll, ProxyDataCollectionManager.InvokeDataCollectionServiceAction: Completed.
TpTrace Verbose: 0 : 9760, 1, 2022/11/19, 00:29:15.802, 113157569142, vstest.console.dll, ProxyParallelExecutionManager: No sources available for execution.
TpTrace Information: 0 : 9760, 1, 2022/11/19, 00:29:15.802, 113157569632, vstest.console.dll, TestRunRequest.ExecuteAsync: Started.
TpTrace Verbose: 0 : 9760, 10, 2022/11/19, 00:29:15.802, 113157569650, vstest.console.dll, ParallelProxyExecutionManager: Execution started. Started clients: 1
TpTrace Verbose: 0 : 9760, 1, 2022/11/19, 00:29:15.802, 113157570164, vstest.console.dll, TestRunRequest.WaitForCompletion: Waiting with timeout -1.
TpTrace Verbose: 0 : 9760, 10, 2022/11/19, 00:29:15.803, 113157571996, vstest.console.dll, TestRunRequest:SendTestRunMessage: Starting.
TpTrace Verbose: 0 : 9760, 10, 2022/11/19, 00:29:15.803, 113157573526, vstest.console.dll, MulticastDelegateUtilities.SafeInvoke: TestRun.LogMessages: Invoking callback 1/1 for Microsoft.VisualStudio.TestPlatform.CommandLine.TestRunResultAggregator.TestRunMessageHandler, took 0 ms.
TpTrace Verbose: 0 : 9760, 4, 2022/11/19, 00:29:15.803, 113157573893, vstest.console.dll, MulticastDelegateUtilities.SafeInvoke: InternalTestLoggerEvents.SendTestRunMessage: Invoking callback 1/1 for Microsoft.VisualStudio.TestPlatform.CommandLine.Internal.ConsoleLogger.TestMessageHandler, took 0 ms.
TpTrace Information: 0 : 9760, 10, 2022/11/19, 00:29:15.803, 113157573979, vstest.console.dll, TestRunRequest:SendTestRunMessage: Completed.
TpTrace Verbose: 0 : 9760, 10, 2022/11/19, 00:29:15.803, 113157577099, vstest.console.dll, ProxyExecutionManager: Test host is always Lazy initialize.
TpTrace Verbose: 0 : 9760, 10, 2022/11/19, 00:29:15.803, 113157579208, vstest.console.dll, TestRequestSender.InitializeCommunication: initialize communication. 
TpTrace Information: 0 : 9760, 10, 2022/11/19, 00:29:15.804, 113157583526, vstest.console.dll, SocketServer.Start: Listening on endpoint : 127.0.0.1:62702
TpTrace Verbose: 0 : 9760, 10, 2022/11/19, 00:29:15.804, 113157589589, vstest.console.dll, DotnetTestHostmanager.GetTestHostProcessStartInfo: Platform environment 'X64' target architecture 'X64' framework '.NETCoreApp,Version=v6.0' OS 'Windows'
TpTrace Verbose: 0 : 9760, 10, 2022/11/19, 00:29:15.805, 113157591569, vstest.console.dll, DotnetTestHostmanager: Adding  --runtimeconfig "C:\Users\PhungVu\Desktop\FinalProject\nashtech-rookies-hn06-final\back-end\AssetManagementTeam6.API.Test\bin\Debug\net6.0\fine-code-coverage\build-output\AssetManagementTeam6.API.Test.runtimeconfig.json" in args
TpTrace Verbose: 0 : 9760, 10, 2022/11/19, 00:29:15.805, 113157592484, vstest.console.dll, DotnetTestHostmanager: Adding  --depsfile "C:\Users\PhungVu\Desktop\FinalProject\nashtech-rookies-hn06-final\back-end\AssetManagementTeam6.API.Test\bin\Debug\net6.0\fine-code-coverage\build-output\AssetManagementTeam6.API.Test.deps.json" in args
TpTrace Verbose: 0 : 9760, 10, 2022/11/19, 00:29:15.805, 113157595171, vstest.console.dll, DotnetTestHostmanager.IsWinOnArm: Current PROCESSOR_ARCHITECTURE from environment variable 'AMD64'
TpTrace Verbose: 0 : 9760, 10, 2022/11/19, 00:29:15.805, 113157595679, vstest.console.dll, DotnetTestHostmanager.IsWinOnArm: Is Windows on ARM 'False'
TpTrace Verbose: 0 : 9760, 10, 2022/11/19, 00:29:15.805, 113157596336, vstest.console.dll, DotnetTestHostManager: testhost.exe found at path: C:\Users\PhungVu\Desktop\FinalProject\nashtech-rookies-hn06-final\back-end\AssetManagementTeam6.API.Test\bin\Debug\net6.0\fine-code-coverage\build-output\testhost.exe
TpTrace Verbose: 0 : 9760, 10, 2022/11/19, 00:29:15.805, 113157596686, vstest.console.dll, DotnetTestHostmanager: Full path of host exe is C:\Users\PhungVu\Desktop\FinalProject\nashtech-rookies-hn06-final\back-end\AssetManagementTeam6.API.Test\bin\Debug\net6.0\fine-code-coverage\build-output\testhost.exe
TpTrace Verbose: 0 : 9760, 10, 2022/11/19, 00:29:15.805, 113157597526, vstest.console.dll, DotnetTestHostmanager.LaunchTestHostAsync: Found 'VSTEST_WINAPPHOST_DOTNET_ROOT' in env variables, value 'C:\Program Files\dotnet', forwarding to 'DOTNET_ROOT'
TpTrace Verbose: 0 : 9760, 10, 2022/11/19, 00:29:15.805, 113157598665, vstest.console.dll, DotnetTestHostManager: Starting process 'C:\Users\PhungVu\Desktop\FinalProject\nashtech-rookies-hn06-final\back-end\AssetManagementTeam6.API.Test\bin\Debug\net6.0\fine-code-coverage\build-output\testhost.exe' with command line ' --runtimeconfig "C:\Users\PhungVu\Desktop\FinalProject\nashtech-rookies-hn06-final\back-end\AssetManagementTeam6.API.Test\bin\Debug\net6.0\fine-code-coverage\build-output\AssetManagementTeam6.API.Test.runtimeconfig.json" --depsfile "C:\Users\PhungVu\Desktop\FinalProject\nashtech-rookies-hn06-final\back-end\AssetManagementTeam6.API.Test\bin\Debug\net6.0\fine-code-coverage\build-output\AssetManagementTeam6.API.Test.deps.json" --port 62702 --endpoint 127.0.0.1:062702 --role client --parentprocessid 9760 --diag "C:\Users\PhungVu\Desktop\FinalProject\nashtech-rookies-hn06-final\back-end\AssetManagementTeam6.API.Test\bin\Debug\net6.0\fine-code-coverage\coverage-tool-output\diagnostics.host.22-11-19_00-29-15_80460_10.log" --tracelevel 4 --datacollectionport 62701 --telemetryoptedin false'
TpTrace Verbose: 0 : 9760, 10, 2022/11/19, 00:29:15.811, 113157654817, vstest.console.dll, MulticastDelegateUtilities.SafeInvoke: HostProviderEvents.OnHostLaunched: Invoking callback 1/2 for Microsoft.VisualStudio.TestPlatform.CrossPlatEngine.Client.ProxyExecutionManagerWithDataCollection.TestHostLaunchedHandler, took 0 ms.
TpTrace Verbose: 0 : 9760, 10, 2022/11/19, 00:29:15.811, 113157655604, vstest.console.dll, Test Runtime launched
TpTrace Verbose: 0 : 9760, 10, 2022/11/19, 00:29:15.811, 113157655908, vstest.console.dll, MulticastDelegateUtilities.SafeInvoke: HostProviderEvents.OnHostLaunched: Invoking callback 2/2 for Microsoft.VisualStudio.TestPlatform.CrossPlatEngine.Client.ProxyOperationManager.TestHostManagerHostLaunched, took 0 ms.
TpTrace Verbose: 0 : 9760, 10, 2022/11/19, 00:29:15.811, 113157657062, vstest.console.dll, TestRequestSender.WaitForRequestHandlerConnection: waiting for connection with timeout: 90000.
TpTrace Verbose: 0 : 9760, 10, 2022/11/19, 00:29:15.938, 113158926011, vstest.console.dll, TestRequestSender.WaitForRequestHandlerConnection: waiting took 126 ms, with timeout 90000 ms, and result 0, which is success.
TpTrace Verbose: 0 : 9760, 12, 2022/11/19, 00:29:15.938, 113158928618, vstest.console.dll, MulticastDelegateUtilities.SafeInvoke: SocketServer: ClientConnected: Invoking callback 1/1 for Microsoft.VisualStudio.TestPlatform.CommunicationUtilities.TestRequestSender.<InitializeCommunication>b__24_0, took 0 ms.
TpTrace Verbose: 0 : 9760, 12, 2022/11/19, 00:29:15.938, 113158929158, vstest.console.dll, SocketServer.OnClientConnected: Client connected for endPoint: 127.0.0.1:62702, starting MessageLoopAsync:
TpTrace Verbose: 0 : 9760, 12, 2022/11/19, 00:29:15.938, 113158930742, vstest.console.dll, TcpClientExtensions.MessageLoopAsync: Polling on remoteEndPoint: 127.0.0.1:62703 localEndPoint: 127.0.0.1:62702
TpTrace Verbose: 0 : 9760, 10, 2022/11/19, 00:29:15.939, 113158932821, vstest.console.dll, TestRequestSender.CheckVersionWithTestHost: Sending check version message: {"MessageType":"ProtocolVersion","Payload":7}
TpTrace Verbose: 0 : 9760, 12, 2022/11/19, 00:29:16.050, 113160046099, vstest.console.dll, TcpClientExtensions.MessageLoopAsync: NotifyDataAvailable remoteEndPoint: 127.0.0.1:62703 localEndPoint: 127.0.0.1:62702
TpTrace Verbose: 0 : 9760, 12, 2022/11/19, 00:29:16.050, 113160048084, vstest.console.dll, TestRequestSender.CheckVersionWithTestHost: onMessageReceived received message: (ProtocolVersion) -> {"MessageType":"ProtocolVersion","Payload":5}
TpTrace Verbose: 0 : 9760, 12, 2022/11/19, 00:29:16.051, 113160052618, vstest.console.dll, MulticastDelegateUtilities.SafeInvoke: LengthPrefixCommunicationChannel: MessageReceived: Invoking callback 1/1 for Microsoft.VisualStudio.TestPlatform.CommunicationUtilities.TestRequestSender+<>c__DisplayClass26_0.<CheckVersionWithTestHost>b__0, took 0 ms.
TpTrace Verbose: 0 : 9760, 12, 2022/11/19, 00:29:16.051, 113160053206, vstest.console.dll, TcpClientExtensions.MessageLoopAsync: Polling on remoteEndPoint: 127.0.0.1:62703 localEndPoint: 127.0.0.1:62702
TpTrace Verbose: 0 : 9760, 10, 2022/11/19, 00:29:16.051, 113160053289, vstest.console.dll, TestPluginCache.GetExtensionPaths: Filtered extension paths: 
TpTrace Verbose: 0 : 9760, 10, 2022/11/19, 00:29:16.051, 113160054270, vstest.console.dll, TestPluginCache.GetExtensionPaths: Added default extension paths: C:\Program Files\dotnet\sdk\6.0.402\Extensions\Microsoft.Diagnostics.NETCore.Client.dll
C:\Program Files\dotnet\sdk\6.0.402\Extensions\Microsoft.TestPlatform.Extensions.BlameDataCollector.dll
C:\Program Files\dotnet\sdk\6.0.402\Extensions\Microsoft.TestPlatform.Extensions.EventLogCollector.dll
C:\Program Files\dotnet\sdk\6.0.402\Extensions\Microsoft.TestPlatform.TestHostRuntimeProvider.dll
C:\Program Files\dotnet\sdk\6.0.402\Extensions\Microsoft.VisualStudio.TestPlatform.Extensions.Html.TestLogger.dll
C:\Program Files\dotnet\sdk\6.0.402\Extensions\Microsoft.VisualStudio.TestPlatform.Extensions.Trx.TestLogger.dll
TpTrace Verbose: 0 : 9760, 10, 2022/11/19, 00:29:16.051, 113160055273, vstest.console.dll, TestPluginCache.GetExtensionPaths: Added unfilterableExtensionPaths: 
TpTrace Verbose: 0 : 9760, 10, 2022/11/19, 00:29:16.053, 113160080129, vstest.console.dll, TestRequestSender.InitializeExecution: Sending initialize execution with message: {"Version":5,"MessageType":"TestExecution.Initialize","Payload":["C:\\Users\\PhungVu\\Desktop\\FinalProject\\nashtech-rookies-hn06-final\\back-end\\AssetManagementTeam6.API.Test\\bin\\Debug\\net6.0\\fine-code-coverage\\build-output\\xunit.runner.visualstudio.dotnetcore.testadapter.dll"]}
TpTrace Warning: 0 : 9760, 10, 2022/11/19, 00:29:16.054, 113160083140, vstest.console.dll, InferRunSettingsHelper.MakeRunsettingsCompatible: Removing the following settings: TargetPlatform from RunSettings file. To use those settings please move to latest version of Microsoft.NET.Test.Sdk
TpTrace Verbose: 0 : 9760, 12, 2022/11/19, 00:29:16.059, 113160131654, vstest.console.dll, TcpClientExtensions.MessageLoopAsync: NotifyDataAvailable remoteEndPoint: 127.0.0.1:62703 localEndPoint: 127.0.0.1:62702
TpTrace Verbose: 0 : 9760, 12, 2022/11/19, 00:29:16.059, 113160132570, vstest.console.dll, TestRequestSender.OnExecutionMessageReceived: Received message: {"Version":5,"MessageType":"TestSession.Message","Payload":{"MessageLevel":0,"Message":"Logging TestHost Diagnostics in file: C:\\Users\\PhungVu\\Desktop\\FinalProject\\nashtech-rookies-hn06-final\\back-end\\AssetManagementTeam6.API.Test\\bin\\Debug\\net6.0\\fine-code-coverage\\coverage-tool-output\\diagnostics.host.22-11-19_00-29-15_80460_10.log"}}
TpTrace Verbose: 0 : 9760, 10, 2022/11/19, 00:29:16.060, 113160147075, vstest.console.dll, TestRequestSender.StartTestRun: Sending test run with message: {"Version":5,"MessageType":"TestExecution.StartWithSources","Payload":{"AdapterSourceMap":{"_none_":["C:\\Users\\PhungVu\\Desktop\\FinalProject\\nashtech-rookies-hn06-final\\back-end\\AssetManagementTeam6.API.Test\\bin\\Debug\\net6.0\\fine-code-coverage\\build-output\\AssetManagementTeam6.API.Test.dll"]},"RunSettings":"<RunSettings>\r\n  <RunConfiguration>\r\n    <ResultsDirectory>C:\\Users\\PhungVu\\Desktop\\FinalProject\\nashtech-rookies-hn06-final\\back-end\\AssetManagementTeam6.API.Test\\bin\\Debug\\net6.0\\fine-code-coverage\\coverage-tool-output</ResultsDirectory>\r\n    <TargetFrameworkVersion>.NETCoreApp,Version=v6.0</TargetFrameworkVersion>\r\n    <DesignMode>False</DesignMode>\r\n    <CollectSourceInformation>False</CollectSourceInformation>\r\n  </RunConfiguration>\r\n  <LoggerRunSettings>\r\n    <Loggers>\r\n      <Logger friendlyName=\"blame\" enabled=\"True\" />\r\n      <Logger friendlyName=\"Console\" uri=\"logger://microsoft/TestPlatform/ConsoleLogger/v1\" assemblyQualifiedName=\"Microsoft.VisualStudio.TestPlatform.CommandLine.Internal.ConsoleLogger, vstest.console, Version=15.0.0.0, Culture=neutral, PublicKeyToken=b03f5f7f11d50a3a\" codeBase=\"C:\\Program Files\\dotnet\\sdk\\6.0.402\\vstest.console.dll\" enabled=\"True\" />\r\n    </Loggers>\r\n  </LoggerRunSettings>\r\n  <DataCollectionRunSettings>\r\n    <DataCollectors>\r\n      <DataCollector friendlyName=\"blame\" enabled=\"True\">\r\n        <Configuration>\r\n          <ResultsDirectory>C:\\Users\\PhungVu\\Desktop\\FinalProject\\nashtech-rookies-hn06-final\\back-end\\AssetManagementTeam6.API.Test\\bin\\Debug\\net6.0\\fine-code-coverage\\coverage-tool-output</ResultsDirectory>\r\n        </Configuration>\r\n      </DataCollector>\r\n    </DataCollectors>\r\n  </DataCollectionRunSettings>\r\n</RunSettings>","TestExecutionContext":{"FrequencyOfRunStatsChangeEvent":10,"RunStatsChangeEventTimeout":"00:00:01.5000000","InIsolation":false,"KeepAlive":false,"AreTestCaseLevelEventsRequired":false,"IsDebug":false,"TestCaseFilter":null,"FilterOptions":null},"Package":null}}
TpTrace Verbose: 0 : 9760, 12, 2022/11/19, 00:29:16.061, 113160151026, vstest.console.dll, TestRunRequest:SendTestRunMessage: Starting.
TpTrace Verbose: 0 : 9760, 12, 2022/11/19, 00:29:16.061, 113160151781, vstest.console.dll, MulticastDelegateUtilities.SafeInvoke: TestRun.LogMessages: Invoking callback 1/1 for Microsoft.VisualStudio.TestPlatform.CommandLine.TestRunResultAggregator.TestRunMessageHandler, took 0 ms.
TpTrace Verbose: 0 : 9760, 4, 2022/11/19, 00:29:16.061, 113160151974, vstest.console.dll, MulticastDelegateUtilities.SafeInvoke: InternalTestLoggerEvents.SendTestRunMessage: Invoking callback 1/1 for Microsoft.VisualStudio.TestPlatform.CommandLine.Internal.ConsoleLogger.TestMessageHandler, took 0 ms.
TpTrace Information: 0 : 9760, 12, 2022/11/19, 00:29:16.061, 113160152124, vstest.console.dll, TestRunRequest:SendTestRunMessage: Completed.
TpTrace Verbose: 0 : 9760, 12, 2022/11/19, 00:29:16.061, 113160153277, vstest.console.dll, MulticastDelegateUtilities.SafeInvoke: LengthPrefixCommunicationChannel: MessageReceived: Invoking callback 1/1 for Microsoft.VisualStudio.TestPlatform.CommunicationUtilities.TestRequestSender+<>c__DisplayClass31_0.<StartTestRun>b__1, took 2 ms.
TpTrace Verbose: 0 : 9760, 12, 2022/11/19, 00:29:16.061, 113160153582, vstest.console.dll, TcpClientExtensions.MessageLoopAsync: Polling on remoteEndPoint: 127.0.0.1:62703 localEndPoint: 127.0.0.1:62702
TpTrace Verbose: 0 : 9760, 12, 2022/11/19, 00:29:16.189, 113161438544, vstest.console.dll, TcpClientExtensions.MessageLoopAsync: NotifyDataAvailable remoteEndPoint: 127.0.0.1:62703 localEndPoint: 127.0.0.1:62702
TpTrace Verbose: 0 : 9760, 12, 2022/11/19, 00:29:16.189, 113161439553, vstest.console.dll, TestRequestSender.OnExecutionMessageReceived: Received message: {"Version":5,"MessageType":"TestSession.Message","Payload":{"MessageLevel":0,"Message":"[xUnit.net 00:00:00.00] xUnit.net VSTest Adapter v2.4.3+1b45f5407b (64-bit .NET 6.0.10)"}}
TpTrace Verbose: 0 : 9760, 12, 2022/11/19, 00:29:16.189, 113161440768, vstest.console.dll, TestRunRequest:SendTestRunMessage: Starting.
TpTrace Verbose: 0 : 9760, 12, 2022/11/19, 00:29:16.190, 113161441583, vstest.console.dll, MulticastDelegateUtilities.SafeInvoke: TestRun.LogMessages: Invoking callback 1/1 for Microsoft.VisualStudio.TestPlatform.CommandLine.TestRunResultAggregator.TestRunMessageHandler, took 0 ms.
TpTrace Information: 0 : 9760, 12, 2022/11/19, 00:29:16.190, 113161441911, vstest.console.dll, TestRunRequest:SendTestRunMessage: Completed.
TpTrace Verbose: 0 : 9760, 4, 2022/11/19, 00:29:16.190, 113161442100, vstest.console.dll, MulticastDelegateUtilities.SafeInvoke: InternalTestLoggerEvents.SendTestRunMessage: Invoking callback 1/1 for Microsoft.VisualStudio.TestPlatform.CommandLine.Internal.ConsoleLogger.TestMessageHandler, took 0 ms.
TpTrace Verbose: 0 : 9760, 12, 2022/11/19, 00:29:16.190, 113161442107, vstest.console.dll, MulticastDelegateUtilities.SafeInvoke: LengthPrefixCommunicationChannel: MessageReceived: Invoking callback 1/1 for Microsoft.VisualStudio.TestPlatform.CommunicationUtilities.TestRequestSender+<>c__DisplayClass31_0.<StartTestRun>b__1, took 0 ms.
TpTrace Verbose: 0 : 9760, 12, 2022/11/19, 00:29:16.190, 113161443527, vstest.console.dll, TcpClientExtensions.MessageLoopAsync: Polling on remoteEndPoint: 127.0.0.1:62703 localEndPoint: 127.0.0.1:62702
TpTrace Verbose: 0 : 9760, 12, 2022/11/19, 00:29:16.815, 113167691992, vstest.console.dll, TcpClientExtensions.MessageLoopAsync: NotifyDataAvailable remoteEndPoint: 127.0.0.1:62703 localEndPoint: 127.0.0.1:62702
TpTrace Verbose: 0 : 9760, 12, 2022/11/19, 00:29:16.815, 113167693602, vstest.console.dll, TestRequestSender.OnExecutionMessageReceived: Received message: {"Version":5,"MessageType":"TestSession.Message","Payload":{"MessageLevel":0,"Message":"[xUnit.net 00:00:00.63]   Discovering: AssetManagementTeam6.API.Test"}}
TpTrace Verbose: 0 : 9760, 12, 2022/11/19, 00:29:16.815, 113167694902, vstest.console.dll, TestRunRequest:SendTestRunMessage: Starting.
TpTrace Verbose: 0 : 9760, 12, 2022/11/19, 00:29:16.815, 113167695596, vstest.console.dll, MulticastDelegateUtilities.SafeInvoke: TestRun.LogMessages: Invoking callback 1/1 for Microsoft.VisualStudio.TestPlatform.CommandLine.TestRunResultAggregator.TestRunMessageHandler, took 0 ms.
TpTrace Information: 0 : 9760, 12, 2022/11/19, 00:29:16.815, 113167695982, vstest.console.dll, TestRunRequest:SendTestRunMessage: Completed.
TpTrace Verbose: 0 : 9760, 4, 2022/11/19, 00:29:16.815, 113167696214, vstest.console.dll, MulticastDelegateUtilities.SafeInvoke: InternalTestLoggerEvents.SendTestRunMessage: Invoking callback 1/1 for Microsoft.VisualStudio.TestPlatform.CommandLine.Internal.ConsoleLogger.TestMessageHandler, took 0 ms.
TpTrace Verbose: 0 : 9760, 12, 2022/11/19, 00:29:16.815, 113167696300, vstest.console.dll, MulticastDelegateUtilities.SafeInvoke: LengthPrefixCommunicationChannel: MessageReceived: Invoking callback 1/1 for Microsoft.VisualStudio.TestPlatform.CommunicationUtilities.TestRequestSender+<>c__DisplayClass31_0.<StartTestRun>b__1, took 0 ms.
TpTrace Verbose: 0 : 9760, 12, 2022/11/19, 00:29:16.815, 113167697700, vstest.console.dll, TcpClientExtensions.MessageLoopAsync: Polling on remoteEndPoint: 127.0.0.1:62703 localEndPoint: 127.0.0.1:62702
TpTrace Verbose: 0 : 9760, 12, 2022/11/19, 00:29:16.861, 113168158514, vstest.console.dll, TcpClientExtensions.MessageLoopAsync: NotifyDataAvailable remoteEndPoint: 127.0.0.1:62703 localEndPoint: 127.0.0.1:62702
TpTrace Verbose: 0 : 9760, 12, 2022/11/19, 00:29:16.861, 113168159797, vstest.console.dll, TestRequestSender.OnExecutionMessageReceived: Received message: {"Version":5,"MessageType":"TestSession.Message","Payload":{"MessageLevel":0,"Message":"[xUnit.net 00:00:00.67]   Discovered:  AssetManagementTeam6.API.Test"}}
TpTrace Verbose: 0 : 9760, 12, 2022/11/19, 00:29:16.861, 113168160761, vstest.console.dll, TestRunRequest:SendTestRunMessage: Starting.
TpTrace Verbose: 0 : 9760, 12, 2022/11/19, 00:29:16.862, 113168161557, vstest.console.dll, MulticastDelegateUtilities.SafeInvoke: TestRun.LogMessages: Invoking callback 1/1 for Microsoft.VisualStudio.TestPlatform.CommandLine.TestRunResultAggregator.TestRunMessageHandler, took 0 ms.
TpTrace Information: 0 : 9760, 12, 2022/11/19, 00:29:16.862, 113168161903, vstest.console.dll, TestRunRequest:SendTestRunMessage: Completed.
TpTrace Verbose: 0 : 9760, 4, 2022/11/19, 00:29:16.862, 113168161946, vstest.console.dll, MulticastDelegateUtilities.SafeInvoke: InternalTestLoggerEvents.SendTestRunMessage: Invoking callback 1/1 for Microsoft.VisualStudio.TestPlatform.CommandLine.Internal.ConsoleLogger.TestMessageHandler, took 0 ms.
TpTrace Verbose: 0 : 9760, 12, 2022/11/19, 00:29:16.862, 113168162161, vstest.console.dll, MulticastDelegateUtilities.SafeInvoke: LengthPrefixCommunicationChannel: MessageReceived: Invoking callback 1/1 for Microsoft.VisualStudio.TestPlatform.CommunicationUtilities.TestRequestSender+<>c__DisplayClass31_0.<StartTestRun>b__1, took 0 ms.
TpTrace Verbose: 0 : 9760, 12, 2022/11/19, 00:29:16.862, 113168163186, vstest.console.dll, TcpClientExtensions.MessageLoopAsync: Polling on remoteEndPoint: 127.0.0.1:62703 localEndPoint: 127.0.0.1:62702
TpTrace Verbose: 0 : 9760, 12, 2022/11/19, 00:29:16.863, 113168176464, vstest.console.dll, TcpClientExtensions.MessageLoopAsync: NotifyDataAvailable remoteEndPoint: 127.0.0.1:62703 localEndPoint: 127.0.0.1:62702
TpTrace Verbose: 0 : 9760, 12, 2022/11/19, 00:29:16.863, 113168177120, vstest.console.dll, TestRequestSender.OnExecutionMessageReceived: Received message: {"Version":5,"MessageType":"TestSession.Message","Payload":{"MessageLevel":0,"Message":"[xUnit.net 00:00:00.68]   Starting:    AssetManagementTeam6.API.Test"}}
TpTrace Verbose: 0 : 9760, 12, 2022/11/19, 00:29:16.863, 113168177773, vstest.console.dll, TestRunRequest:SendTestRunMessage: Starting.
TpTrace Verbose: 0 : 9760, 12, 2022/11/19, 00:29:16.863, 113168178387, vstest.console.dll, MulticastDelegateUtilities.SafeInvoke: TestRun.LogMessages: Invoking callback 1/1 for Microsoft.VisualStudio.TestPlatform.CommandLine.TestRunResultAggregator.TestRunMessageHandler, took 0 ms.
TpTrace Information: 0 : 9760, 12, 2022/11/19, 00:29:16.863, 113168178678, vstest.console.dll, TestRunRequest:SendTestRunMessage: Completed.
TpTrace Verbose: 0 : 9760, 4, 2022/11/19, 00:29:16.863, 113168178764, vstest.console.dll, MulticastDelegateUtilities.SafeInvoke: InternalTestLoggerEvents.SendTestRunMessage: Invoking callback 1/1 for Microsoft.VisualStudio.TestPlatform.CommandLine.Internal.ConsoleLogger.TestMessageHandler, took 0 ms.
TpTrace Verbose: 0 : 9760, 12, 2022/11/19, 00:29:16.863, 113168178873, vstest.console.dll, MulticastDelegateUtilities.SafeInvoke: LengthPrefixCommunicationChannel: MessageReceived: Invoking callback 1/1 for Microsoft.VisualStudio.TestPlatform.CommunicationUtilities.TestRequestSender+<>c__DisplayClass31_0.<StartTestRun>b__1, took 0 ms.
TpTrace Verbose: 0 : 9760, 12, 2022/11/19, 00:29:16.863, 113168179915, vstest.console.dll, TcpClientExtensions.MessageLoopAsync: Polling on remoteEndPoint: 127.0.0.1:62703 localEndPoint: 127.0.0.1:62702
TpTrace Verbose: 0 : 9760, 12, 2022/11/19, 00:29:17.042, 113169963316, vstest.console.dll, TcpClientExtensions.MessageLoopAsync: NotifyDataAvailable remoteEndPoint: 127.0.0.1:62703 localEndPoint: 127.0.0.1:62702
TpTrace Verbose: 0 : 9760, 12, 2022/11/19, 00:29:17.042, 113169965368, vstest.console.dll, TestRequestSender.OnExecutionMessageReceived: Received message: {"Version":5,"MessageType":"TestExecution.StatsChange","Payload":{"NewTestResults":[{"TestCase":{"Id":"1183de1e-41f4-3ebf-66c2-6315266bca69","FullyQualifiedName":"AssetManagementTeam6.API.Test.Services.UserServiceDemoTest.LoginUser_ShouldReturnNull","DisplayName":"AssetManagementTeam6.API.Test.Services.UserServiceDemoTest.LoginUser_ShouldReturnNull","ExecutorUri":"executor://xunit/VsTestRunner2/netcoreapp","Source":"C:\\Users\\PhungVu\\Desktop\\FinalProject\\nashtech-rookies-hn06-final\\back-end\\AssetManagementTeam6.API.Test\\bin\\Debug\\net6.0\\fine-code-coverage\\build-output\\AssetManagementTeam6.API.Test.dll","CodeFilePath":null,"LineNumber":0,"Properties":[]},"Attachments":[],"Outcome":1,"ErrorMessage":null,"ErrorStackTrace":null,"DisplayName":"AssetManagementTeam6.API.Test.Services.UserServiceDemoTest.LoginUser_ShouldReturnNull","Messages":[],"ComputerName":"DESKTOP-2J9NP80","Duration":"00:00:00.0733054","StartTime":"2022-11-18T17:29:16.991354+00:00","EndTime":"2022-11-18T17:29:16.9913734+00:00","Properties":[]},{"TestCase":{"Id":"487341a3-a1b1-176e-723f-a10f25297b3a","FullyQualifiedName":"AssetManagementTeam6.API.Test.Controllers.AccountControllerTest.GetUserById_ShouldReturnOK","DisplayName":"AssetManagementTeam6.API.Test.Controllers.AccountControllerTest.GetUserById_ShouldReturnOK(id: 12391, userName: \"Marry Sue\")","ExecutorUri":"executor://xunit/VsTestRunner2/netcoreapp","Source":"C:\\Users\\PhungVu\\Desktop\\FinalProject\\nashtech-rookies-hn06-final\\back-end\\AssetManagementTeam6.API.Test\\bin\\Debug\\net6.0\\fine-code-coverage\\build-output\\AssetManagementTeam6.API.Test.dll","CodeFilePath":null,"LineNumber":0,"Properties":[]},"Attachments":[],"Outcome":1,"ErrorMessage":null,"ErrorStackTrace":null,"DisplayName":"AssetManagementTeam6.API.Test.Controllers.AccountControllerTest.GetUserById_ShouldReturnOK(id: 12391, userName: \"Marry Sue\")","Messages":[],"ComputerName":"DESKTOP-2J9NP80","Duration":"00:00:00.0756200","StartTime":"2022-11-18T17:29:17.009342+00:00","EndTime":"2022-11-18T17:29:17.0093421+00:00","Properties":[]},{"TestCase":{"Id":"1b3243f0-7d8f-c67a-a56e-960222fe9541","FullyQualifiedName":"AssetManagementTeam6.API.Test.Controllers.AccountControllerTest.GetUserById_ShouldReturnOK","DisplayName":"AssetManagementTeam6.API.Test.Controllers.AccountControllerTest.GetUserById_ShouldReturnOK(id: 999, userName: \"John Doe\")","ExecutorUri":"executor://xunit/VsTestRunner2/netcoreapp","Source":"C:\\Users\\PhungVu\\Desktop\\FinalProject\\nashtech-rookies-hn06-final\\back-end\\AssetManagementTeam6.API.Test\\bin\\Debug\\net6.0\\fine-code-coverage\\build-output\\AssetManagementTeam6.API.Test.dll","CodeFilePath":null,"LineNumber":0,"Properties":[]},"Attachments":[],"Outcome":1,"ErrorMessage":null,"ErrorStackTrace":null,"DisplayName":"AssetManagementTeam6.API.Test.Controllers.AccountControllerTest.GetUserById_ShouldReturnOK(id: 999, userName: \"John Doe\")","Messages":[],"ComputerName":"DESKTOP-2J9NP80","Duration":"00:00:00.0008148","StartTime":"2022-11-18T17:29:17.0118845+00:00","EndTime":"2022-11-18T17:29:17.0118846+00:00","Properties":[]},{"TestCase":{"Id":"1739fb12-72bf-33bc-4714-c0f4cb7c6d6b","FullyQualifiedName":"AssetManagementTeam6.API.Test.Controllers.AccountControllerTest.GetUserById_ShouldReturnOK","DisplayName":"AssetManagementTeam6.API.Test.Controllers.AccountControllerTest.GetUserById_ShouldReturnOK(id: 1, userName: \"John Doe\")","ExecutorUri":"executor://xunit/VsTestRunner2/netcoreapp","Source":"C:\\Users\\PhungVu\\Desktop\\FinalProject\\nashtech-rookies-hn06-final\\back-end\\AssetManagementTeam6.API.Test\\bin\\Debug\\net6.0\\fine-code-coverage\\build-output\\AssetManagementTeam6.API.Test.dll","CodeFilePath":null,"LineNumber":0,"Properties":[]},"Attachments":[],"Outcome":1,"ErrorMessage":null,"ErrorStackTrace":null,"DisplayName":"AssetManagementTeam6.API.Test.Controllers.AccountControllerTest.GetUserById_ShouldReturnOK(id: 1, userName: \"John Doe\")","Messages":[],"ComputerName":"DESKTOP-2J9NP80","Duration":"00:00:00.0001667","StartTime":"2022-11-18T17:29:17.0135195+00:00","EndTime":"2022-11-18T17:29:17.0135197+00:00","Properties":[]},{"TestCase":{"Id":"034f772c-af5e-b895-9dce-f718ddf11d81","FullyQualifiedName":"AssetManagementTeam6.API.Test.Controllers.AccountControllerTest.GetUserById_ShouldReturnOK","DisplayName":"AssetManagementTeam6.API.Test.Controllers.AccountControllerTest.GetUserById_ShouldReturnOK(id: 2, userName: \"Marry Sue\")","ExecutorUri":"executor://xunit/VsTestRunner2/netcoreapp","Source":"C:\\Users\\PhungVu\\Desktop\\FinalProject\\nashtech-rookies-hn06-final\\back-end\\AssetManagementTeam6.API.Test\\bin\\Debug\\net6.0\\fine-code-coverage\\build-output\\AssetManagementTeam6.API.Test.dll","CodeFilePath":null,"LineNumber":0,"Properties":[]},"Attachments":[],"Outcome":1,"ErrorMessage":null,"ErrorStackTrace":null,"DisplayName":"AssetManagementTeam6.API.Test.Controllers.AccountControllerTest.GetUserById_ShouldReturnOK(id: 2, userName: \"Marry Sue\")","Messages":[],"ComputerName":"DESKTOP-2J9NP80","Duration":"00:00:00.0001519","StartTime":"2022-11-18T17:29:17.0149558+00:00","EndTime":"2022-11-18T17:29:17.0149559+00:00","Properties":[]},{"TestCase":{"Id":"c28d9d7c-be92-432f-321d-e7a36c1ffa8b","FullyQualifiedName":"AssetManagementTeam6.API.Test.Controllers.AccountControllerTest.GetUserById_ShouldReturnBadRequest","DisplayName":"AssetManagementTeam6.API.Test.Controllers.AccountControllerTest.GetUserById_ShouldReturnBadRequest(id: -999)","ExecutorUri":"executor://xunit/VsTestRunner2/netcoreapp","Source":"C:\\Users\\PhungVu\\Desktop\\FinalProject\\nashtech-rookies-hn06-final\\back-end\\AssetManagementTeam6.API.Test\\bin\\Debug\\net6.0\\fine-code-coverage\\build-output\\AssetManagementTeam6.API.Test.dll","CodeFilePath":null,"LineNumber":0,"Properties":[]},"Attachments":[],"Outcome":1,"ErrorMessage":null,"ErrorStackTrace":null,"DisplayName":"AssetManagementTeam6.API.Test.Controllers.AccountControllerTest.GetUserById_ShouldReturnBadRequest(id: -999)","Messages":[],"ComputerName":"DESKTOP-2J9NP80","Duration":"00:00:00.0004694","StartTime":"2022-11-18T17:29:17.0164845+00:00","EndTime":"2022-11-18T17:29:17.0164846+00:00","Properties":[]},{"TestCase":{"Id":"96b8f606-a705-c85b-fe28-0f6447e7df36","FullyQualifiedName":"AssetManagementTeam6.API.Test.Services.UserServiceDemoTest.LoginUser_ShouldNotReturnNull","DisplayName":"AssetManagementTeam6.API.Test.Services.UserServiceDemoTest.LoginUser_ShouldNotReturnNull(userType: Admin, userName: \"Marry Sue\")","ExecutorUri":"executor://xunit/VsTestRunner2/netcoreapp","Source":"C:\\Users\\PhungVu\\Desktop\\FinalProject\\nashtech-rookies-hn06-final\\back-end\\AssetManagementTeam6.API.Test\\bin\\Debug\\net6.0\\fine-code-coverage\\build-output\\AssetManagementTeam6.API.Test.dll","CodeFilePath":null,"LineNumber":0,"Properties":[]},"Attachments":[],"Outcome":1,"ErrorMessage":null,"ErrorStackTrace":null,"DisplayName":"AssetManagementTeam6.API.Test.Services.UserServiceDemoTest.LoginUser_ShouldNotReturnNull(userType: Admin, userName: \"Marry Sue\")","Messages":[],"ComputerName":"DESKTOP-2J9NP80","Duration":"00:00:00.0016325","StartTime":"2022-11-18T17:29:17.0179391+00:00","EndTime":"2022-11-18T17:29:17.0179392+00:00","Properties":[]},{"TestCase":{"Id":"64eb9880-7306-7e39-5325-049815312635","FullyQualifiedName":"AssetManagementTeam6.API.Test.Controllers.AccountControllerTest.GetUserById_ShouldReturnBadRequest","DisplayName":"AssetManagementTeam6.API.Test.Controllers.AccountControllerTest.GetUserById_ShouldReturnBadRequest(id: -2)","ExecutorUri":"executor://xunit/VsTestRunner2/netcoreapp","Source":"C:\\Users\\PhungVu\\Desktop\\FinalProject\\nashtech-rookies-hn06-final\\back-end\\AssetManagementTeam6.API.Test\\bin\\Debug\\net6.0\\fine-code-coverage\\build-output\\AssetManagementTeam6.API.Test.dll","CodeFilePath":null,"LineNumber":0,"Properties":[]},"Attachments":[],"Outcome":1,"ErrorMessage":null,"ErrorStackTrace":null,"DisplayName":"AssetManagementTeam6.API.Test.Controllers.AccountControllerTest.GetUserById_ShouldReturnBadRequest(id: -2)","Messages":[],"ComputerName":"DESKTOP-2J9NP80","Duration":"00:00:00.0000282","StartTime":"2022-11-18T17:29:17.0194028+00:00","EndTime":"2022-11-18T17:29:17.0194029+00:00","Properties":[]}],"TestRunStatistics":{"ExecutedTests":8,"Stats":{"Passed":8}},"ActiveTests":[{"Id":"465379c2-679e-fb0f-8e50-ec24f01d353a","FullyQualifiedName":"AssetManagementTeam6.API.Test.Services.UserServiceDemoTest.LoginUser_ShouldNotReturnNull","DisplayName":"AssetManagementTeam6.API.Test.Services.UserServiceDemoTest.LoginUser_ShouldNotReturnNull(userType: Staff, userName: \"John Doe\")","ExecutorUri":"executor://xunit/VsTestRunner2/netcoreapp","Source":"C:\\Users\\PhungVu\\Desktop\\FinalProject\\nashtech-rookies-hn06-final\\back-end\\AssetManagementTeam6.API.Test\\bin\\Debug\\net6.0\\fine-code-coverage\\build-output\\AssetManagementTeam6.API.Test.dll","CodeFilePath":null,"LineNumber":0,"Properties":[]},{"Id":"e6f78971-7560-7630-8ead-148b4d2c3036","FullyQualifiedName":"AssetManagementTeam6.API.Test.Controllers.AccountControllerTest.GetUserById_ShouldReturnBadRequest","DisplayName":"AssetManagementTeam6.API.Test.Controllers.AccountControllerTest.GetUserById_ShouldReturnBadRequest(id: -1)","ExecutorUri":"executor://xunit/VsTestRunner2/netcoreapp","Source":"C:\\Users\\PhungVu\\Desktop\\FinalProject\\nashtech-rookies-hn06-final\\back-end\\AssetManagementTeam6.API.Test\\bin\\Debug\\net6.0\\fine-code-coverage\\build-output\\AssetManagementTeam6.API.Test.dll","CodeFilePath":null,"LineNumber":0,"Properties":[]}]}}
TpTrace Verbose: 0 : 9760, 12, 2022/11/19, 00:29:17.064, 113170181933, vstest.console.dll, TestRunRequest:SendTestRunStatsChange: Starting.
TpTrace Verbose: 0 : 9760, 12, 2022/11/19, 00:29:17.064, 113170183109, vstest.console.dll, InProgress is AssetManagementTeam6.API.Test.Services.UserServiceDemoTest.LoginUser_ShouldNotReturnNull(userType: Staff, userName: "John Doe")
TpTrace Verbose: 0 : 9760, 12, 2022/11/19, 00:29:17.064, 113170183627, vstest.console.dll, InProgress is AssetManagementTeam6.API.Test.Controllers.AccountControllerTest.GetUserById_ShouldReturnBadRequest(id: -1)
TpTrace Verbose: 0 : 9760, 12, 2022/11/19, 00:29:17.064, 113170185503, vstest.console.dll, MulticastDelegateUtilities.SafeInvoke: TestRun.RunStatsChanged: Invoking callbacks was skipped because there are no subscribers.
TpTrace Information: 0 : 9760, 12, 2022/11/19, 00:29:17.064, 113170186115, vstest.console.dll, TestRunRequest:SendTestRunStatsChange: Completed.
TpTrace Verbose: 0 : 9760, 12, 2022/11/19, 00:29:17.064, 113170186380, vstest.console.dll, MulticastDelegateUtilities.SafeInvoke: LengthPrefixCommunicationChannel: MessageReceived: Invoking callback 1/1 for Microsoft.VisualStudio.TestPlatform.CommunicationUtilities.TestRequestSender+<>c__DisplayClass31_0.<StartTestRun>b__1, took 22 ms.
TpTrace Verbose: 0 : 9760, 12, 2022/11/19, 00:29:17.064, 113170186639, vstest.console.dll, TcpClientExtensions.MessageLoopAsync: Polling on remoteEndPoint: 127.0.0.1:62703 localEndPoint: 127.0.0.1:62702
TpTrace Verbose: 0 : 9760, 12, 2022/11/19, 00:29:17.064, 113170186947, vstest.console.dll, TcpClientExtensions.MessageLoopAsync: NotifyDataAvailable remoteEndPoint: 127.0.0.1:62703 localEndPoint: 127.0.0.1:62702
TpTrace Verbose: 0 : 9760, 12, 2022/11/19, 00:29:17.064, 113170188082, vstest.console.dll, TestRequestSender.OnExecutionMessageReceived: Received message: {"Version":5,"MessageType":"TestExecution.StatsChange","Payload":{"NewTestResults":[{"TestCase":{"Id":"e6f78971-7560-7630-8ead-148b4d2c3036","FullyQualifiedName":"AssetManagementTeam6.API.Test.Controllers.AccountControllerTest.GetUserById_ShouldReturnBadRequest","DisplayName":"AssetManagementTeam6.API.Test.Controllers.AccountControllerTest.GetUserById_ShouldReturnBadRequest(id: -1)","ExecutorUri":"executor://xunit/VsTestRunner2/netcoreapp","Source":"C:\\Users\\PhungVu\\Desktop\\FinalProject\\nashtech-rookies-hn06-final\\back-end\\AssetManagementTeam6.API.Test\\bin\\Debug\\net6.0\\fine-code-coverage\\build-output\\AssetManagementTeam6.API.Test.dll","CodeFilePath":null,"LineNumber":0,"Properties":[]},"Attachments":[],"Outcome":1,"ErrorMessage":null,"ErrorStackTrace":null,"DisplayName":"AssetManagementTeam6.API.Test.Controllers.AccountControllerTest.GetUserById_ShouldReturnBadRequest(id: -1)","Messages":[],"ComputerName":"DESKTOP-2J9NP80","Duration":"00:00:00.0000252","StartTime":"2022-11-18T17:29:17.0430567+00:00","EndTime":"2022-11-18T17:29:17.0430568+00:00","Properties":[]},{"TestCase":{"Id":"29917718-c9df-5200-dd7e-103c8408fc85","FullyQualifiedName":"AssetManagementTeam6.API.Test.Controllers.AccountControllerTest.GetUserById_ShouldReturnBadRequest","DisplayName":"AssetManagementTeam6.API.Test.Controllers.AccountControllerTest.GetUserById_ShouldReturnBadRequest(id: -12391)","ExecutorUri":"executor://xunit/VsTestRunner2/netcoreapp","Source":"C:\\Users\\PhungVu\\Desktop\\FinalProject\\nashtech-rookies-hn06-final\\back-end\\AssetManagementTeam6.API.Test\\bin\\Debug\\net6.0\\fine-code-coverage\\build-output\\AssetManagementTeam6.API.Test.dll","CodeFilePath":null,"LineNumber":0,"Properties":[]},"Attachments":[],"Outcome":1,"ErrorMessage":null,"ErrorStackTrace":null,"DisplayName":"AssetManagementTeam6.API.Test.Controllers.AccountControllerTest.GetUserById_ShouldReturnBadRequest(id: -12391)","Messages":[],"ComputerName":"DESKTOP-2J9NP80","Duration":"00:00:00.0000366","StartTime":"2022-11-18T17:29:17.0451369+00:00","EndTime":"2022-11-18T17:29:17.0451373+00:00","Properties":[]},{"TestCase":{"Id":"465379c2-679e-fb0f-8e50-ec24f01d353a","FullyQualifiedName":"AssetManagementTeam6.API.Test.Services.UserServiceDemoTest.LoginUser_ShouldNotReturnNull","DisplayName":"AssetManagementTeam6.API.Test.Services.UserServiceDemoTest.LoginUser_ShouldNotReturnNull(userType: Staff, userName: \"John Doe\")","ExecutorUri":"executor://xunit/VsTestRunner2/netcoreapp","Source":"C:\\Users\\PhungVu\\Desktop\\FinalProject\\nashtech-rookies-hn06-final\\back-end\\AssetManagementTeam6.API.Test\\bin\\Debug\\net6.0\\fine-code-coverage\\build-output\\AssetManagementTeam6.API.Test.dll","CodeFilePath":null,"LineNumber":0,"Properties":[]},"Attachments":[],"Outcome":1,"ErrorMessage":null,"ErrorStackTrace":null,"DisplayName":"AssetManagementTeam6.API.Test.Services.UserServiceDemoTest.LoginUser_ShouldNotReturnNull(userType: Staff, userName: \"John Doe\")","Messages":[],"ComputerName":"DESKTOP-2J9NP80","Duration":"00:00:00.0001878","StartTime":"2022-11-18T17:29:17.0468283+00:00","EndTime":"2022-11-18T17:29:17.0468285+00:00","Properties":[]},{"TestCase":{"Id":"ae101314-045e-bc6e-b56f-bb55e03b35b7","FullyQualifiedName":"AssetManagementTeam6.API.Test.Controllers.AccountControllerTest.GetUserById_ShouldThrowException","DisplayName":"AssetManagementTeam6.API.Test.Controllers.AccountControllerTest.GetUserById_ShouldThrowException(userId: 2)","ExecutorUri":"executor://xunit/VsTestRunner2/netcoreapp","Source":"C:\\Users\\PhungVu\\Desktop\\FinalProject\\nashtech-rookies-hn06-final\\back-end\\AssetManagementTeam6.API.Test\\bin\\Debug\\net6.0\\fine-code-coverage\\build-output\\AssetManagementTeam6.API.Test.dll","CodeFilePath":null,"LineNumber":0,"Properties":[]},"Attachments":[],"Outcome":1,"ErrorMessage":null,"ErrorStackTrace":null,"DisplayName":"AssetManagementTeam6.API.Test.Controllers.AccountControllerTest.GetUserById_ShouldThrowException(userId: 2)","Messages":[],"ComputerName":"DESKTOP-2J9NP80","Duration":"00:00:00.0010738","StartTime":"2022-11-18T17:29:17.0483519+00:00","EndTime":"2022-11-18T17:29:17.0483522+00:00","Properties":[]},{"TestCase":{"Id":"4bc3e8d0-0a50-8465-ed97-251778fad099","FullyQualifiedName":"AssetManagementTeam6.API.Test.Controllers.AccountControllerTest.GetUserById_ShouldThrowException","DisplayName":"AssetManagementTeam6.API.Test.Controllers.AccountControllerTest.GetUserById_ShouldThrowException(userId: 12391)","ExecutorUri":"executor://xunit/VsTestRunner2/netcoreapp","Source":"C:\\Users\\PhungVu\\Desktop\\FinalProject\\nashtech-rookies-hn06-final\\back-end\\AssetManagementTeam6.API.Test\\bin\\Debug\\net6.0\\fine-code-coverage\\build-output\\AssetManagementTeam6.API.Test.dll","CodeFilePath":null,"LineNumber":0,"Properties":[]},"Attachments":[],"Outcome":1,"ErrorMessage":null,"ErrorStackTrace":null,"DisplayName":"AssetManagementTeam6.API.Test.Controllers.AccountControllerTest.GetUserById_ShouldThrowException(userId: 12391)","Messages":[],"ComputerName":"DESKTOP-2J9NP80","Duration":"00:00:00.0002182","StartTime":"2022-11-18T17:29:17.0497716+00:00","EndTime":"2022-11-18T17:29:17.0497718+00:00","Properties":[]},{"TestCase":{"Id":"01e34b1a-617e-74d5-3d97-929f1476da49","FullyQualifiedName":"AssetManagementTeam6.API.Test.Services.UserServiceDemoTest.GetUserById_ShouldReturnNull","DisplayName":"AssetManagementTeam6.API.Test.Services.UserServiceDemoTest.GetUserById_ShouldReturnNull","ExecutorUri":"executor://xunit/VsTestRunner2/netcoreapp","Source":"C:\\Users\\PhungVu\\Desktop\\FinalProject\\nashtech-rookies-hn06-final\\back-end\\AssetManagementTeam6.API.Test\\bin\\Debug\\net6.0\\fine-code-coverage\\build-output\\AssetManagementTeam6.API.Test.dll","CodeFilePath":null,"LineNumber":0,"Properties":[]},"Attachments":[],"Outcome":1,"ErrorMessage":null,"ErrorStackTrace":null,"DisplayName":"AssetManagementTeam6.API.Test.Services.UserServiceDemoTest.GetUserById_ShouldReturnNull","Messages":[],"ComputerName":"DESKTOP-2J9NP80","Duration":"00:00:00.0012976","StartTime":"2022-11-18T17:29:17.0511141+00:00","EndTime":"2022-11-18T17:29:17.0511142+00:00","Properties":[]},{"TestCase":{"Id":"ddfea27b-d4d0-7e17-9cab-dfa96c010be0","FullyQualifiedName":"AssetManagementTeam6.API.Test.Controllers.AccountControllerTest.GetUserById_ShouldThrowException","DisplayName":"AssetManagementTeam6.API.Test.Controllers.AccountControllerTest.GetUserById_ShouldThrowException(userId: 999)","ExecutorUri":"executor://xunit/VsTestRunner2/netcoreapp","Source":"C:\\Users\\PhungVu\\Desktop\\FinalProject\\nashtech-rookies-hn06-final\\back-end\\AssetManagementTeam6.API.Test\\bin\\Debug\\net6.0\\fine-code-coverage\\build-output\\AssetManagementTeam6.API.Test.dll","CodeFilePath":null,"LineNumber":0,"Properties":[]},"Attachments":[],"Outcome":1,"ErrorMessage":null,"ErrorStackTrace":null,"DisplayName":"AssetManagementTeam6.API.Test.Controllers.AccountControllerTest.GetUserById_ShouldThrowException(userId: 999)","Messages":[],"ComputerName":"DESKTOP-2J9NP80","Duration":"00:00:00.0001923","StartTime":"2022-11-18T17:29:17.0525879+00:00","EndTime":"2022-11-18T17:29:17.0525881+00:00","Properties":[]},{"TestCase":{"Id":"d82141ba-fab0-fdd1-2218-d1f4cbb8ba8a","FullyQualifiedName":"AssetManagementTeam6.API.Test.Controllers.AccountControllerTest.GetUserById_ShouldThrowException","DisplayName":"AssetManagementTeam6.API.Test.Controllers.AccountControllerTest.GetUserById_ShouldThrowException(userId: 1)","ExecutorUri":"executor://xunit/VsTestRunner2/netcoreapp","Source":"C:\\Users\\PhungVu\\Desktop\\FinalProject\\nashtech-rookies-hn06-final\\back-end\\AssetManagementTeam6.API.Test\\bin\\Debug\\net6.0\\fine-code-coverage\\build-output\\AssetManagementTeam6.API.Test.dll","CodeFilePath":null,"LineNumber":0,"Properties":[]},"Attachments":[],"Outcome":1,"ErrorMessage":null,"ErrorStackTrace":null,"DisplayName":"AssetManagementTeam6.API.Test.Controllers.AccountControllerTest.GetUserById_ShouldThrowException(userId: 1)","Messages":[],"ComputerName":"DESKTOP-2J9NP80","Duration":"00:00:00.0002084","StartTime":"2022-11-18T17:29:17.0539406+00:00","EndTime":"2022-11-18T17:29:17.0539407+00:00","Properties":[]}],"TestRunStatistics":{"ExecutedTests":16,"Stats":{"Passed":16}},"ActiveTests":[{"Id":"a59b90b1-e920-e741-7d10-70822004682c","FullyQualifiedName":"AssetManagementTeam6.API.Test.Services.UserServiceDemoTest.GetUserById_ShouldNotReturnNull","DisplayName":"AssetManagementTeam6.API.Test.Services.UserServiceDemoTest.GetUserById_ShouldNotReturnNull","ExecutorUri":"executor://xunit/VsTestRunner2/netcoreapp","Source":"C:\\Users\\PhungVu\\Desktop\\FinalProject\\nashtech-rookies-hn06-final\\back-end\\AssetManagementTeam6.API.Test\\bin\\Debug\\net6.0\\fine-code-coverage\\build-output\\AssetManagementTeam6.API.Test.dll","CodeFilePath":null,"LineNumber":0,"Properties":[]},{"Id":"7cfdfac7-aa13-c1a4-a1c2-8f7dc6170ea3","FullyQualifiedName":"AssetManagementTeam6.API.Test.Controllers.AccountControllerTest.GetUserById_ShouldReturnNotFound","DisplayName":"AssetManagementTeam6.API.Test.Controllers.AccountControllerTest.GetUserById_ShouldReturnNotFound(id: 2)","ExecutorUri":"executor://xunit/VsTestRunner2/netcoreapp","Source":"C:\\Users\\PhungVu\\Desktop\\FinalProject\\nashtech-rookies-hn06-final\\back-end\\AssetManagementTeam6.API.Test\\bin\\Debug\\net6.0\\fine-code-coverage\\build-output\\AssetManagementTeam6.API.Test.dll","CodeFilePath":null,"LineNumber":0,"Properties":[]}]}}
TpTrace Verbose: 0 : 9760, 12, 2022/11/19, 00:29:17.065, 113170194137, vstest.console.dll, TestRunRequest:SendTestRunStatsChange: Starting.
TpTrace Verbose: 0 : 9760, 12, 2022/11/19, 00:29:17.065, 113170194515, vstest.console.dll, InProgress is AssetManagementTeam6.API.Test.Services.UserServiceDemoTest.GetUserById_ShouldNotReturnNull
TpTrace Verbose: 0 : 9760, 12, 2022/11/19, 00:29:17.065, 113170194693, vstest.console.dll, InProgress is AssetManagementTeam6.API.Test.Controllers.AccountControllerTest.GetUserById_ShouldReturnNotFound(id: 2)
TpTrace Verbose: 0 : 9760, 12, 2022/11/19, 00:29:17.065, 113170195094, vstest.console.dll, MulticastDelegateUtilities.SafeInvoke: TestRun.RunStatsChanged: Invoking callbacks was skipped because there are no subscribers.
TpTrace Information: 0 : 9760, 12, 2022/11/19, 00:29:17.065, 113170195704, vstest.console.dll, TestRunRequest:SendTestRunStatsChange: Completed.
TpTrace Verbose: 0 : 9760, 12, 2022/11/19, 00:29:17.065, 113170195984, vstest.console.dll, MulticastDelegateUtilities.SafeInvoke: LengthPrefixCommunicationChannel: MessageReceived: Invoking callback 1/1 for Microsoft.VisualStudio.TestPlatform.CommunicationUtilities.TestRequestSender+<>c__DisplayClass31_0.<StartTestRun>b__1, took 0 ms.
TpTrace Verbose: 0 : 9760, 12, 2022/11/19, 00:29:17.065, 113170196490, vstest.console.dll, TcpClientExtensions.MessageLoopAsync: Polling on remoteEndPoint: 127.0.0.1:62703 localEndPoint: 127.0.0.1:62702
TpTrace Verbose: 0 : 9760, 4, 2022/11/19, 00:29:17.069, 113170236925, vstest.console.dll, MulticastDelegateUtilities.SafeInvoke: InternalTestLoggerEvents.SendTestResult: Invoking callback 1/1 for Microsoft.VisualStudio.TestPlatform.CommandLine.Internal.ConsoleLogger.TestResultHandler, took 5 ms.
TpTrace Verbose: 0 : 9760, 4, 2022/11/19, 00:29:17.069, 113170237739, vstest.console.dll, MulticastDelegateUtilities.SafeInvoke: InternalTestLoggerEvents.SendTestResult: Invoking callback 1/1 for Microsoft.VisualStudio.TestPlatform.CommandLine.Internal.ConsoleLogger.TestResultHandler, took 0 ms.
TpTrace Verbose: 0 : 9760, 4, 2022/11/19, 00:29:17.069, 113170238094, vstest.console.dll, MulticastDelegateUtilities.SafeInvoke: InternalTestLoggerEvents.SendTestResult: Invoking callback 1/1 for Microsoft.VisualStudio.TestPlatform.CommandLine.Internal.ConsoleLogger.TestResultHandler, took 0 ms.
TpTrace Verbose: 0 : 9760, 4, 2022/11/19, 00:29:17.069, 113170238417, vstest.console.dll, MulticastDelegateUtilities.SafeInvoke: InternalTestLoggerEvents.SendTestResult: Invoking callback 1/1 for Microsoft.VisualStudio.TestPlatform.CommandLine.Internal.ConsoleLogger.TestResultHandler, took 0 ms.
TpTrace Verbose: 0 : 9760, 4, 2022/11/19, 00:29:17.069, 113170238911, vstest.console.dll, MulticastDelegateUtilities.SafeInvoke: InternalTestLoggerEvents.SendTestResult: Invoking callback 1/1 for Microsoft.VisualStudio.TestPlatform.CommandLine.Internal.ConsoleLogger.TestResultHandler, took 0 ms.
TpTrace Verbose: 0 : 9760, 4, 2022/11/19, 00:29:17.069, 113170239366, vstest.console.dll, MulticastDelegateUtilities.SafeInvoke: InternalTestLoggerEvents.SendTestResult: Invoking callback 1/1 for Microsoft.VisualStudio.TestPlatform.CommandLine.Internal.ConsoleLogger.TestResultHandler, took 0 ms.
TpTrace Verbose: 0 : 9760, 4, 2022/11/19, 00:29:17.069, 113170239748, vstest.console.dll, MulticastDelegateUtilities.SafeInvoke: InternalTestLoggerEvents.SendTestResult: Invoking callback 1/1 for Microsoft.VisualStudio.TestPlatform.CommandLine.Internal.ConsoleLogger.TestResultHandler, took 0 ms.
TpTrace Verbose: 0 : 9760, 4, 2022/11/19, 00:29:17.069, 113170240024, vstest.console.dll, MulticastDelegateUtilities.SafeInvoke: InternalTestLoggerEvents.SendTestResult: Invoking callback 1/1 for Microsoft.VisualStudio.TestPlatform.CommandLine.Internal.ConsoleLogger.TestResultHandler, took 0 ms.
TpTrace Verbose: 0 : 9760, 4, 2022/11/19, 00:29:17.070, 113170241376, vstest.console.dll, MulticastDelegateUtilities.SafeInvoke: InternalTestLoggerEvents.SendTestResult: Invoking callback 1/1 for Microsoft.VisualStudio.TestPlatform.CommandLine.Internal.ConsoleLogger.TestResultHandler, took 0 ms.
TpTrace Verbose: 0 : 9760, 4, 2022/11/19, 00:29:17.070, 113170241793, vstest.console.dll, MulticastDelegateUtilities.SafeInvoke: InternalTestLoggerEvents.SendTestResult: Invoking callback 1/1 for Microsoft.VisualStudio.TestPlatform.CommandLine.Internal.ConsoleLogger.TestResultHandler, took 0 ms.
TpTrace Verbose: 0 : 9760, 4, 2022/11/19, 00:29:17.070, 113170242222, vstest.console.dll, MulticastDelegateUtilities.SafeInvoke: InternalTestLoggerEvents.SendTestResult: Invoking callback 1/1 for Microsoft.VisualStudio.TestPlatform.CommandLine.Internal.ConsoleLogger.TestResultHandler, took 0 ms.
TpTrace Verbose: 0 : 9760, 4, 2022/11/19, 00:29:17.070, 113170242673, vstest.console.dll, MulticastDelegateUtilities.SafeInvoke: InternalTestLoggerEvents.SendTestResult: Invoking callback 1/1 for Microsoft.VisualStudio.TestPlatform.CommandLine.Internal.ConsoleLogger.TestResultHandler, took 0 ms.
TpTrace Verbose: 0 : 9760, 4, 2022/11/19, 00:29:17.070, 113170242969, vstest.console.dll, MulticastDelegateUtilities.SafeInvoke: InternalTestLoggerEvents.SendTestResult: Invoking callback 1/1 for Microsoft.VisualStudio.TestPlatform.CommandLine.Internal.ConsoleLogger.TestResultHandler, took 0 ms.
TpTrace Verbose: 0 : 9760, 4, 2022/11/19, 00:29:17.070, 113170243247, vstest.console.dll, MulticastDelegateUtilities.SafeInvoke: InternalTestLoggerEvents.SendTestResult: Invoking callback 1/1 for Microsoft.VisualStudio.TestPlatform.CommandLine.Internal.ConsoleLogger.TestResultHandler, took 0 ms.
TpTrace Verbose: 0 : 9760, 4, 2022/11/19, 00:29:17.070, 113170243571, vstest.console.dll, MulticastDelegateUtilities.SafeInvoke: InternalTestLoggerEvents.SendTestResult: Invoking callback 1/1 for Microsoft.VisualStudio.TestPlatform.CommandLine.Internal.ConsoleLogger.TestResultHandler, took 0 ms.
TpTrace Verbose: 0 : 9760, 4, 2022/11/19, 00:29:17.070, 113170244066, vstest.console.dll, MulticastDelegateUtilities.SafeInvoke: InternalTestLoggerEvents.SendTestResult: Invoking callback 1/1 for Microsoft.VisualStudio.TestPlatform.CommandLine.Internal.ConsoleLogger.TestResultHandler, took 0 ms.
TpTrace Verbose: 0 : 9760, 12, 2022/11/19, 00:29:17.083, 113170375532, vstest.console.dll, TcpClientExtensions.MessageLoopAsync: NotifyDataAvailable remoteEndPoint: 127.0.0.1:62703 localEndPoint: 127.0.0.1:62702
TpTrace Verbose: 0 : 9760, 12, 2022/11/19, 00:29:17.083, 113170376613, vstest.console.dll, TestRequestSender.OnExecutionMessageReceived: Received message: {"Version":5,"MessageType":"TestSession.Message","Payload":{"MessageLevel":2,"Message":"[xUnit.net 00:00:00.90]     AssetManagementTeam6.API.Test.Controllers.AccountControllerTest.CheckLogin_ShouldReturnBadRequest [FAIL]"}}
TpTrace Verbose: 0 : 9760, 12, 2022/11/19, 00:29:17.083, 113170377852, vstest.console.dll, TestRunRequest:SendTestRunMessage: Starting.
TpTrace Verbose: 0 : 9760, 12, 2022/11/19, 00:29:17.083, 113170378544, vstest.console.dll, MulticastDelegateUtilities.SafeInvoke: TestRun.LogMessages: Invoking callback 1/1 for Microsoft.VisualStudio.TestPlatform.CommandLine.TestRunResultAggregator.TestRunMessageHandler, took 0 ms.
TpTrace Information: 0 : 9760, 12, 2022/11/19, 00:29:17.083, 113170378837, vstest.console.dll, TestRunRequest:SendTestRunMessage: Completed.
TpTrace Verbose: 0 : 9760, 12, 2022/11/19, 00:29:17.083, 113170379026, vstest.console.dll, MulticastDelegateUtilities.SafeInvoke: LengthPrefixCommunicationChannel: MessageReceived: Invoking callback 1/1 for Microsoft.VisualStudio.TestPlatform.CommunicationUtilities.TestRequestSender+<>c__DisplayClass31_0.<StartTestRun>b__1, took 0 ms.
TpTrace Verbose: 0 : 9760, 12, 2022/11/19, 00:29:17.083, 113170379267, vstest.console.dll, TcpClientExtensions.MessageLoopAsync: Polling on remoteEndPoint: 127.0.0.1:62703 localEndPoint: 127.0.0.1:62702
TpTrace Verbose: 0 : 9760, 4, 2022/11/19, 00:29:17.083, 113170379864, vstest.console.dll, MulticastDelegateUtilities.SafeInvoke: InternalTestLoggerEvents.SendTestRunMessage: Invoking callback 1/1 for Microsoft.VisualStudio.TestPlatform.CommandLine.Internal.ConsoleLogger.TestMessageHandler, took 0 ms.
TpTrace Verbose: 0 : 9760, 12, 2022/11/19, 00:29:17.084, 113170382877, vstest.console.dll, TcpClientExtensions.MessageLoopAsync: NotifyDataAvailable remoteEndPoint: 127.0.0.1:62703 localEndPoint: 127.0.0.1:62702
TpTrace Verbose: 0 : 9760, 12, 2022/11/19, 00:29:17.084, 113170383402, vstest.console.dll, TestRequestSender.OnExecutionMessageReceived: Received message: {"Version":5,"MessageType":"TestSession.Message","Payload":{"MessageLevel":0,"Message":"[xUnit.net 00:00:00.90]       System.NullReferenceException : Object reference not set to an instance of an object."}}
TpTrace Verbose: 0 : 9760, 12, 2022/11/19, 00:29:17.084, 113170384179, vstest.console.dll, TestRunRequest:SendTestRunMessage: Starting.
TpTrace Verbose: 0 : 9760, 12, 2022/11/19, 00:29:17.084, 113170384732, vstest.console.dll, MulticastDelegateUtilities.SafeInvoke: TestRun.LogMessages: Invoking callback 1/1 for Microsoft.VisualStudio.TestPlatform.CommandLine.TestRunResultAggregator.TestRunMessageHandler, took 0 ms.
TpTrace Information: 0 : 9760, 12, 2022/11/19, 00:29:17.084, 113170385377, vstest.console.dll, TestRunRequest:SendTestRunMessage: Completed.
TpTrace Verbose: 0 : 9760, 4, 2022/11/19, 00:29:17.084, 113170385423, vstest.console.dll, MulticastDelegateUtilities.SafeInvoke: InternalTestLoggerEvents.SendTestRunMessage: Invoking callback 1/1 for Microsoft.VisualStudio.TestPlatform.CommandLine.Internal.ConsoleLogger.TestMessageHandler, took 0 ms.
TpTrace Verbose: 0 : 9760, 12, 2022/11/19, 00:29:17.084, 113170385927, vstest.console.dll, MulticastDelegateUtilities.SafeInvoke: LengthPrefixCommunicationChannel: MessageReceived: Invoking callback 1/1 for Microsoft.VisualStudio.TestPlatform.CommunicationUtilities.TestRequestSender+<>c__DisplayClass31_0.<StartTestRun>b__1, took 0 ms.
TpTrace Verbose: 0 : 9760, 12, 2022/11/19, 00:29:17.084, 113170386908, vstest.console.dll, TcpClientExtensions.MessageLoopAsync: Polling on remoteEndPoint: 127.0.0.1:62703 localEndPoint: 127.0.0.1:62702
TpTrace Verbose: 0 : 9760, 12, 2022/11/19, 00:29:17.084, 113170388795, vstest.console.dll, TcpClientExtensions.MessageLoopAsync: NotifyDataAvailable remoteEndPoint: 127.0.0.1:62703 localEndPoint: 127.0.0.1:62702
TpTrace Verbose: 0 : 9760, 12, 2022/11/19, 00:29:17.084, 113170389269, vstest.console.dll, TestRequestSender.OnExecutionMessageReceived: Received message: {"Version":5,"MessageType":"TestSession.Message","Payload":{"MessageLevel":0,"Message":"[xUnit.net 00:00:00.90]       Stack Trace:"}}
TpTrace Verbose: 0 : 9760, 12, 2022/11/19, 00:29:17.084, 113170389825, vstest.console.dll, TestRunRequest:SendTestRunMessage: Starting.
TpTrace Verbose: 0 : 9760, 12, 2022/11/19, 00:29:17.084, 113170390343, vstest.console.dll, MulticastDelegateUtilities.SafeInvoke: TestRun.LogMessages: Invoking callback 1/1 for Microsoft.VisualStudio.TestPlatform.CommandLine.TestRunResultAggregator.TestRunMessageHandler, took 0 ms.
TpTrace Information: 0 : 9760, 12, 2022/11/19, 00:29:17.084, 113170390634, vstest.console.dll, TestRunRequest:SendTestRunMessage: Completed.
TpTrace Verbose: 0 : 9760, 12, 2022/11/19, 00:29:17.084, 113170390830, vstest.console.dll, MulticastDelegateUtilities.SafeInvoke: LengthPrefixCommunicationChannel: MessageReceived: Invoking callback 1/1 for Microsoft.VisualStudio.TestPlatform.CommunicationUtilities.TestRequestSender+<>c__DisplayClass31_0.<StartTestRun>b__1, took 0 ms.
TpTrace Verbose: 0 : 9760, 12, 2022/11/19, 00:29:17.085, 113170391101, vstest.console.dll, TcpClientExtensions.MessageLoopAsync: Polling on remoteEndPoint: 127.0.0.1:62703 localEndPoint: 127.0.0.1:62702
TpTrace Verbose: 0 : 9760, 4, 2022/11/19, 00:29:17.084, 113170390874, vstest.console.dll, MulticastDelegateUtilities.SafeInvoke: InternalTestLoggerEvents.SendTestRunMessage: Invoking callback 1/1 for Microsoft.VisualStudio.TestPlatform.CommandLine.Internal.ConsoleLogger.TestMessageHandler, took 0 ms.
TpTrace Verbose: 0 : 9760, 12, 2022/11/19, 00:29:17.086, 113170406410, vstest.console.dll, TcpClientExtensions.MessageLoopAsync: NotifyDataAvailable remoteEndPoint: 127.0.0.1:62703 localEndPoint: 127.0.0.1:62702
TpTrace Verbose: 0 : 9760, 12, 2022/11/19, 00:29:17.086, 113170407047, vstest.console.dll, TestRequestSender.OnExecutionMessageReceived: Received message: {"Version":5,"MessageType":"TestSession.Message","Payload":{"MessageLevel":0,"Message":"[xUnit.net 00:00:00.90]         C:\\Users\\PhungVu\\Desktop\\FinalProject\\nashtech-rookies-hn06-final\\back-end\\AssetManagementTeam6.API\\Controllers\\ControllerBaseExtensions.cs(10,0): at AssetManagementTeam6.API.Controllers.ControllerBaseExtensions.GetCurrentLoginUserId(ControllerBase controller)"}}
TpTrace Verbose: 0 : 9760, 12, 2022/11/19, 00:29:17.086, 113170407940, vstest.console.dll, TestRunRequest:SendTestRunMessage: Starting.
TpTrace Verbose: 0 : 9760, 12, 2022/11/19, 00:29:17.086, 113170408556, vstest.console.dll, MulticastDelegateUtilities.SafeInvoke: TestRun.LogMessages: Invoking callback 1/1 for Microsoft.VisualStudio.TestPlatform.CommandLine.TestRunResultAggregator.TestRunMessageHandler, took 0 ms.
TpTrace Verbose: 0 : 9760, 4, 2022/11/19, 00:29:17.086, 113170408711, vstest.console.dll, MulticastDelegateUtilities.SafeInvoke: InternalTestLoggerEvents.SendTestRunMessage: Invoking callback 1/1 for Microsoft.VisualStudio.TestPlatform.CommandLine.Internal.ConsoleLogger.TestMessageHandler, took 0 ms.
TpTrace Information: 0 : 9760, 12, 2022/11/19, 00:29:17.086, 113170409319, vstest.console.dll, TestRunRequest:SendTestRunMessage: Completed.
TpTrace Verbose: 0 : 9760, 12, 2022/11/19, 00:29:17.086, 113170409642, vstest.console.dll, MulticastDelegateUtilities.SafeInvoke: LengthPrefixCommunicationChannel: MessageReceived: Invoking callback 1/1 for Microsoft.VisualStudio.TestPlatform.CommunicationUtilities.TestRequestSender+<>c__DisplayClass31_0.<StartTestRun>b__1, took 0 ms.
TpTrace Verbose: 0 : 9760, 12, 2022/11/19, 00:29:17.086, 113170409826, vstest.console.dll, TcpClientExtensions.MessageLoopAsync: Polling on remoteEndPoint: 127.0.0.1:62703 localEndPoint: 127.0.0.1:62702
TpTrace Verbose: 0 : 9760, 12, 2022/11/19, 00:29:17.086, 113170410094, vstest.console.dll, TcpClientExtensions.MessageLoopAsync: NotifyDataAvailable remoteEndPoint: 127.0.0.1:62703 localEndPoint: 127.0.0.1:62702
TpTrace Verbose: 0 : 9760, 12, 2022/11/19, 00:29:17.086, 113170410560, vstest.console.dll, TestRequestSender.OnExecutionMessageReceived: Received message: {"Version":5,"MessageType":"TestSession.Message","Payload":{"MessageLevel":0,"Message":"[xUnit.net 00:00:00.90]         C:\\Users\\PhungVu\\Desktop\\FinalProject\\nashtech-rookies-hn06-final\\back-end\\AssetManagementTeam6.API\\Controllers\\AccountController.cs(87,0): at AssetManagementTeam6.API.Controllers.AccountController.CheckLogin()"}}
TpTrace Verbose: 0 : 9760, 12, 2022/11/19, 00:29:17.087, 113170411141, vstest.console.dll, TestRunRequest:SendTestRunMessage: Starting.
TpTrace Verbose: 0 : 9760, 12, 2022/11/19, 00:29:17.087, 113170411658, vstest.console.dll, MulticastDelegateUtilities.SafeInvoke: TestRun.LogMessages: Invoking callback 1/1 for Microsoft.VisualStudio.TestPlatform.CommandLine.TestRunResultAggregator.TestRunMessageHandler, took 0 ms.
TpTrace Information: 0 : 9760, 12, 2022/11/19, 00:29:17.087, 113170411940, vstest.console.dll, TestRunRequest:SendTestRunMessage: Completed.
TpTrace Verbose: 0 : 9760, 4, 2022/11/19, 00:29:17.087, 113170411736, vstest.console.dll, MulticastDelegateUtilities.SafeInvoke: InternalTestLoggerEvents.SendTestRunMessage: Invoking callback 1/1 for Microsoft.VisualStudio.TestPlatform.CommandLine.Internal.ConsoleLogger.TestMessageHandler, took 0 ms.
TpTrace Verbose: 0 : 9760, 12, 2022/11/19, 00:29:17.087, 113170412405, vstest.console.dll, MulticastDelegateUtilities.SafeInvoke: LengthPrefixCommunicationChannel: MessageReceived: Invoking callback 1/1 for Microsoft.VisualStudio.TestPlatform.CommunicationUtilities.TestRequestSender+<>c__DisplayClass31_0.<StartTestRun>b__1, took 0 ms.
TpTrace Verbose: 0 : 9760, 12, 2022/11/19, 00:29:17.087, 113170413318, vstest.console.dll, TcpClientExtensions.MessageLoopAsync: Polling on remoteEndPoint: 127.0.0.1:62703 localEndPoint: 127.0.0.1:62702
TpTrace Verbose: 0 : 9760, 12, 2022/11/19, 00:29:17.087, 113170413549, vstest.console.dll, TcpClientExtensions.MessageLoopAsync: NotifyDataAvailable remoteEndPoint: 127.0.0.1:62703 localEndPoint: 127.0.0.1:62702
TpTrace Verbose: 0 : 9760, 12, 2022/11/19, 00:29:17.087, 113170413893, vstest.console.dll, TestRequestSender.OnExecutionMessageReceived: Received message: {"Version":5,"MessageType":"TestSession.Message","Payload":{"MessageLevel":0,"Message":"[xUnit.net 00:00:00.90]         C:\\Users\\PhungVu\\Desktop\\FinalProject\\nashtech-rookies-hn06-final\\back-end\\AssetManagementTeam6.API.Test\\Controllers\\AccountControllerTest.cs(170,0): at AssetManagementTeam6.API.Test.Controllers.AccountControllerTest.CheckLogin_ShouldReturnBadRequest()"}}
TpTrace Verbose: 0 : 9760, 12, 2022/11/19, 00:29:17.087, 113170414347, vstest.console.dll, TestRunRequest:SendTestRunMessage: Starting.
TpTrace Verbose: 0 : 9760, 12, 2022/11/19, 00:29:17.087, 113170414888, vstest.console.dll, MulticastDelegateUtilities.SafeInvoke: TestRun.LogMessages: Invoking callback 1/1 for Microsoft.VisualStudio.TestPlatform.CommandLine.TestRunResultAggregator.TestRunMessageHandler, took 0 ms.
TpTrace Verbose: 0 : 9760, 4, 2022/11/19, 00:29:17.087, 113170414958, vstest.console.dll, MulticastDelegateUtilities.SafeInvoke: InternalTestLoggerEvents.SendTestRunMessage: Invoking callback 1/1 for Microsoft.VisualStudio.TestPlatform.CommandLine.Internal.ConsoleLogger.TestMessageHandler, took 0 ms.
TpTrace Information: 0 : 9760, 12, 2022/11/19, 00:29:17.087, 113170415572, vstest.console.dll, TestRunRequest:SendTestRunMessage: Completed.
TpTrace Verbose: 0 : 9760, 12, 2022/11/19, 00:29:17.087, 113170415896, vstest.console.dll, MulticastDelegateUtilities.SafeInvoke: LengthPrefixCommunicationChannel: MessageReceived: Invoking callback 1/1 for Microsoft.VisualStudio.TestPlatform.CommunicationUtilities.TestRequestSender+<>c__DisplayClass31_0.<StartTestRun>b__1, took 0 ms.
TpTrace Verbose: 0 : 9760, 12, 2022/11/19, 00:29:17.087, 113170416173, vstest.console.dll, TcpClientExtensions.MessageLoopAsync: Polling on remoteEndPoint: 127.0.0.1:62703 localEndPoint: 127.0.0.1:62702
TpTrace Verbose: 0 : 9760, 12, 2022/11/19, 00:29:17.089, 113170438795, vstest.console.dll, TcpClientExtensions.MessageLoopAsync: NotifyDataAvailable remoteEndPoint: 127.0.0.1:62703 localEndPoint: 127.0.0.1:62702
TpTrace Verbose: 0 : 9760, 12, 2022/11/19, 00:29:17.089, 113170439728, vstest.console.dll, TestRequestSender.OnExecutionMessageReceived: Received message: {"Version":5,"MessageType":"TestSession.Message","Payload":{"MessageLevel":2,"Message":"[xUnit.net 00:00:00.90]     AssetManagementTeam6.API.Test.Controllers.AccountControllerTest.CheckLogin_ShouldReturnOK [FAIL]"}}
TpTrace Verbose: 0 : 9760, 12, 2022/11/19, 00:29:17.090, 113170441132, vstest.console.dll, TestRunRequest:SendTestRunMessage: Starting.
TpTrace Verbose: 0 : 9760, 12, 2022/11/19, 00:29:17.090, 113170442029, vstest.console.dll, MulticastDelegateUtilities.SafeInvoke: TestRun.LogMessages: Invoking callback 1/1 for Microsoft.VisualStudio.TestPlatform.CommandLine.TestRunResultAggregator.TestRunMessageHandler, took 0 ms.
TpTrace Information: 0 : 9760, 12, 2022/11/19, 00:29:17.090, 113170442259, vstest.console.dll, TestRunRequest:SendTestRunMessage: Completed.
TpTrace Verbose: 0 : 9760, 12, 2022/11/19, 00:29:17.090, 113170442450, vstest.console.dll, MulticastDelegateUtilities.SafeInvoke: LengthPrefixCommunicationChannel: MessageReceived: Invoking callback 1/1 for Microsoft.VisualStudio.TestPlatform.CommunicationUtilities.TestRequestSender+<>c__DisplayClass31_0.<StartTestRun>b__1, took 0 ms.
TpTrace Verbose: 0 : 9760, 12, 2022/11/19, 00:29:17.090, 113170442685, vstest.console.dll, TcpClientExtensions.MessageLoopAsync: Polling on remoteEndPoint: 127.0.0.1:62703 localEndPoint: 127.0.0.1:62702
TpTrace Verbose: 0 : 9760, 12, 2022/11/19, 00:29:17.090, 113170443146, vstest.console.dll, TcpClientExtensions.MessageLoopAsync: NotifyDataAvailable remoteEndPoint: 127.0.0.1:62703 localEndPoint: 127.0.0.1:62702
TpTrace Verbose: 0 : 9760, 12, 2022/11/19, 00:29:17.090, 113170443481, vstest.console.dll, TestRequestSender.OnExecutionMessageReceived: Received message: {"Version":5,"MessageType":"TestSession.Message","Payload":{"MessageLevel":0,"Message":"[xUnit.net 00:00:00.90]       Assert.NotNull() Failure"}}
TpTrace Verbose: 0 : 9760, 12, 2022/11/19, 00:29:17.090, 113170443998, vstest.console.dll, TestRunRequest:SendTestRunMessage: Starting.
TpTrace Verbose: 0 : 9760, 12, 2022/11/19, 00:29:17.090, 113170444310, vstest.console.dll, MulticastDelegateUtilities.SafeInvoke: TestRun.LogMessages: Invoking callback 1/1 for Microsoft.VisualStudio.TestPlatform.CommandLine.TestRunResultAggregator.TestRunMessageHandler, took 0 ms.
TpTrace Information: 0 : 9760, 12, 2022/11/19, 00:29:17.090, 113170444499, vstest.console.dll, TestRunRequest:SendTestRunMessage: Completed.
TpTrace Verbose: 0 : 9760, 12, 2022/11/19, 00:29:17.090, 113170444672, vstest.console.dll, MulticastDelegateUtilities.SafeInvoke: LengthPrefixCommunicationChannel: MessageReceived: Invoking callback 1/1 for Microsoft.VisualStudio.TestPlatform.CommunicationUtilities.TestRequestSender+<>c__DisplayClass31_0.<StartTestRun>b__1, took 0 ms.
TpTrace Verbose: 0 : 9760, 12, 2022/11/19, 00:29:17.090, 113170444893, vstest.console.dll, TcpClientExtensions.MessageLoopAsync: Polling on remoteEndPoint: 127.0.0.1:62703 localEndPoint: 127.0.0.1:62702
TpTrace Verbose: 0 : 9760, 12, 2022/11/19, 00:29:17.090, 113170445112, vstest.console.dll, TcpClientExtensions.MessageLoopAsync: NotifyDataAvailable remoteEndPoint: 127.0.0.1:62703 localEndPoint: 127.0.0.1:62702
TpTrace Verbose: 0 : 9760, 12, 2022/11/19, 00:29:17.090, 113170446064, vstest.console.dll, TestRequestSender.OnExecutionMessageReceived: Received message: {"Version":5,"MessageType":"TestSession.Message","Payload":{"MessageLevel":0,"Message":"[xUnit.net 00:00:00.90]       Stack Trace:"}}
TpTrace Verbose: 0 : 9760, 12, 2022/11/19, 00:29:17.090, 113170446598, vstest.console.dll, TestRunRequest:SendTestRunMessage: Starting.
TpTrace Verbose: 0 : 9760, 4, 2022/11/19, 00:29:17.090, 113170446936, vstest.console.dll, MulticastDelegateUtilities.SafeInvoke: InternalTestLoggerEvents.SendTestRunMessage: Invoking callback 1/1 for Microsoft.VisualStudio.TestPlatform.CommandLine.Internal.ConsoleLogger.TestMessageHandler, took 0 ms.
TpTrace Verbose: 0 : 9760, 12, 2022/11/19, 00:29:17.090, 113170447028, vstest.console.dll, MulticastDelegateUtilities.SafeInvoke: TestRun.LogMessages: Invoking callback 1/1 for Microsoft.VisualStudio.TestPlatform.CommandLine.TestRunResultAggregator.TestRunMessageHandler, took 0 ms.
TpTrace Information: 0 : 9760, 12, 2022/11/19, 00:29:17.090, 113170447840, vstest.console.dll, TestRunRequest:SendTestRunMessage: Completed.
TpTrace Verbose: 0 : 9760, 12, 2022/11/19, 00:29:17.090, 113170448107, vstest.console.dll, MulticastDelegateUtilities.SafeInvoke: LengthPrefixCommunicationChannel: MessageReceived: Invoking callback 1/1 for Microsoft.VisualStudio.TestPlatform.CommunicationUtilities.TestRequestSender+<>c__DisplayClass31_0.<StartTestRun>b__1, took 0 ms.
TpTrace Verbose: 0 : 9760, 12, 2022/11/19, 00:29:17.090, 113170448534, vstest.console.dll, TcpClientExtensions.MessageLoopAsync: Polling on remoteEndPoint: 127.0.0.1:62703 localEndPoint: 127.0.0.1:62702
TpTrace Verbose: 0 : 9760, 12, 2022/11/19, 00:29:17.090, 113170448849, vstest.console.dll, TcpClientExtensions.MessageLoopAsync: NotifyDataAvailable remoteEndPoint: 127.0.0.1:62703 localEndPoint: 127.0.0.1:62702
TpTrace Verbose: 0 : 9760, 12, 2022/11/19, 00:29:17.090, 113170449212, vstest.console.dll, TestRequestSender.OnExecutionMessageReceived: Received message: {"Version":5,"MessageType":"TestSession.Message","Payload":{"MessageLevel":0,"Message":"[xUnit.net 00:00:00.90]         C:\\Users\\PhungVu\\Desktop\\FinalProject\\nashtech-rookies-hn06-final\\back-end\\AssetManagementTeam6.API.Test\\Controllers\\AccountControllerTest.cs(204,0): at AssetManagementTeam6.API.Test.Controllers.AccountControllerTest.CheckLogin_ShouldReturnOK()"}}
TpTrace Verbose: 0 : 9760, 4, 2022/11/19, 00:29:17.090, 113170449329, vstest.console.dll, MulticastDelegateUtilities.SafeInvoke: InternalTestLoggerEvents.SendTestRunMessage: Invoking callback 1/1 for Microsoft.VisualStudio.TestPlatform.CommandLine.Internal.ConsoleLogger.TestMessageHandler, took 0 ms.
TpTrace Verbose: 0 : 9760, 12, 2022/11/19, 00:29:17.090, 113170449723, vstest.console.dll, TestRunRequest:SendTestRunMessage: Starting.
TpTrace Verbose: 0 : 9760, 4, 2022/11/19, 00:29:17.090, 113170449945, vstest.console.dll, MulticastDelegateUtilities.SafeInvoke: InternalTestLoggerEvents.SendTestRunMessage: Invoking callback 1/1 for Microsoft.VisualStudio.TestPlatform.CommandLine.Internal.ConsoleLogger.TestMessageHandler, took 0 ms.
TpTrace Verbose: 0 : 9760, 4, 2022/11/19, 00:29:17.090, 113170450694, vstest.console.dll, MulticastDelegateUtilities.SafeInvoke: InternalTestLoggerEvents.SendTestRunMessage: Invoking callback 1/1 for Microsoft.VisualStudio.TestPlatform.CommandLine.Internal.ConsoleLogger.TestMessageHandler, took 0 ms.
TpTrace Verbose: 0 : 9760, 12, 2022/11/19, 00:29:17.090, 113170450745, vstest.console.dll, MulticastDelegateUtilities.SafeInvoke: TestRun.LogMessages: Invoking callback 1/1 for Microsoft.VisualStudio.TestPlatform.CommandLine.TestRunResultAggregator.TestRunMessageHandler, took 0 ms.
TpTrace Information: 0 : 9760, 12, 2022/11/19, 00:29:17.091, 113170451474, vstest.console.dll, TestRunRequest:SendTestRunMessage: Completed.
TpTrace Verbose: 0 : 9760, 12, 2022/11/19, 00:29:17.091, 113170452220, vstest.console.dll, MulticastDelegateUtilities.SafeInvoke: LengthPrefixCommunicationChannel: MessageReceived: Invoking callback 1/1 for Microsoft.VisualStudio.TestPlatform.CommunicationUtilities.TestRequestSender+<>c__DisplayClass31_0.<StartTestRun>b__1, took 0 ms.
TpTrace Verbose: 0 : 9760, 12, 2022/11/19, 00:29:17.091, 113170452775, vstest.console.dll, TcpClientExtensions.MessageLoopAsync: Polling on remoteEndPoint: 127.0.0.1:62703 localEndPoint: 127.0.0.1:62702
TpTrace Verbose: 0 : 9760, 12, 2022/11/19, 00:29:17.091, 113170454224, vstest.console.dll, TcpClientExtensions.MessageLoopAsync: NotifyDataAvailable remoteEndPoint: 127.0.0.1:62703 localEndPoint: 127.0.0.1:62702
TpTrace Verbose: 0 : 9760, 12, 2022/11/19, 00:29:17.091, 113170455583, vstest.console.dll, TestRequestSender.OnExecutionMessageReceived: Received message: {"Version":5,"MessageType":"TestSession.Message","Payload":{"MessageLevel":0,"Message":"[xUnit.net 00:00:00.90]         --- End of stack trace from previous location ---"}}
TpTrace Verbose: 0 : 9760, 12, 2022/11/19, 00:29:17.091, 113170456112, vstest.console.dll, TestRunRequest:SendTestRunMessage: Starting.
TpTrace Verbose: 0 : 9760, 12, 2022/11/19, 00:29:17.091, 113170456725, vstest.console.dll, MulticastDelegateUtilities.SafeInvoke: TestRun.LogMessages: Invoking callback 1/1 for Microsoft.VisualStudio.TestPlatform.CommandLine.TestRunResultAggregator.TestRunMessageHandler, took 0 ms.
TpTrace Verbose: 0 : 9760, 4, 2022/11/19, 00:29:17.091, 113170456885, vstest.console.dll, MulticastDelegateUtilities.SafeInvoke: InternalTestLoggerEvents.SendTestRunMessage: Invoking callback 1/1 for Microsoft.VisualStudio.TestPlatform.CommandLine.Internal.ConsoleLogger.TestMessageHandler, took 0 ms.
TpTrace Information: 0 : 9760, 12, 2022/11/19, 00:29:17.091, 113170457154, vstest.console.dll, TestRunRequest:SendTestRunMessage: Completed.
TpTrace Verbose: 0 : 9760, 12, 2022/11/19, 00:29:17.091, 113170457951, vstest.console.dll, MulticastDelegateUtilities.SafeInvoke: LengthPrefixCommunicationChannel: MessageReceived: Invoking callback 1/1 for Microsoft.VisualStudio.TestPlatform.CommunicationUtilities.TestRequestSender+<>c__DisplayClass31_0.<StartTestRun>b__1, took 0 ms.
TpTrace Verbose: 0 : 9760, 12, 2022/11/19, 00:29:17.091, 113170458156, vstest.console.dll, TcpClientExtensions.MessageLoopAsync: Polling on remoteEndPoint: 127.0.0.1:62703 localEndPoint: 127.0.0.1:62702
TpTrace Verbose: 0 : 9760, 12, 2022/11/19, 00:29:17.091, 113170460446, vstest.console.dll, TcpClientExtensions.MessageLoopAsync: NotifyDataAvailable remoteEndPoint: 127.0.0.1:62703 localEndPoint: 127.0.0.1:62702
TpTrace Verbose: 0 : 9760, 12, 2022/11/19, 00:29:17.092, 113170462388, vstest.console.dll, TestRequestSender.OnExecutionMessageReceived: Received message: {"Version":5,"MessageType":"TestExecution.StatsChange","Payload":{"NewTestResults":[{"TestCase":{"Id":"a59b90b1-e920-e741-7d10-70822004682c","FullyQualifiedName":"AssetManagementTeam6.API.Test.Services.UserServiceDemoTest.GetUserById_ShouldNotReturnNull","DisplayName":"AssetManagementTeam6.API.Test.Services.UserServiceDemoTest.GetUserById_ShouldNotReturnNull","ExecutorUri":"executor://xunit/VsTestRunner2/netcoreapp","Source":"C:\\Users\\PhungVu\\Desktop\\FinalProject\\nashtech-rookies-hn06-final\\back-end\\AssetManagementTeam6.API.Test\\bin\\Debug\\net6.0\\fine-code-coverage\\build-output\\AssetManagementTeam6.API.Test.dll","CodeFilePath":null,"LineNumber":0,"Properties":[]},"Attachments":[],"Outcome":1,"ErrorMessage":null,"ErrorStackTrace":null,"DisplayName":"AssetManagementTeam6.API.Test.Services.UserServiceDemoTest.GetUserById_ShouldNotReturnNull","Messages":[],"ComputerName":"DESKTOP-2J9NP80","Duration":"00:00:00.0008518","StartTime":"2022-11-18T17:29:17.0559461+00:00","EndTime":"2022-11-18T17:29:17.0559462+00:00","Properties":[]},{"TestCase":{"Id":"7cfdfac7-aa13-c1a4-a1c2-8f7dc6170ea3","FullyQualifiedName":"AssetManagementTeam6.API.Test.Controllers.AccountControllerTest.GetUserById_ShouldReturnNotFound","DisplayName":"AssetManagementTeam6.API.Test.Controllers.AccountControllerTest.GetUserById_ShouldReturnNotFound(id: 2)","ExecutorUri":"executor://xunit/VsTestRunner2/netcoreapp","Source":"C:\\Users\\PhungVu\\Desktop\\FinalProject\\nashtech-rookies-hn06-final\\back-end\\AssetManagementTeam6.API.Test\\bin\\Debug\\net6.0\\fine-code-coverage\\build-output\\AssetManagementTeam6.API.Test.dll","CodeFilePath":null,"LineNumber":0,"Properties":[]},"Attachments":[],"Outcome":1,"ErrorMessage":null,"ErrorStackTrace":null,"DisplayName":"AssetManagementTeam6.API.Test.Controllers.AccountControllerTest.GetUserById_ShouldReturnNotFound(id: 2)","Messages":[],"ComputerName":"DESKTOP-2J9NP80","Duration":"00:00:00.0007986","StartTime":"2022-11-18T17:29:17.0567319+00:00","EndTime":"2022-11-18T17:29:17.0567319+00:00","Properties":[]},{"TestCase":{"Id":"99b6622e-5017-6d19-a33c-c484d82531b7","FullyQualifiedName":"AssetManagementTeam6.API.Test.Controllers.AccountControllerTest.GetUserById_ShouldReturnNotFound","DisplayName":"AssetManagementTeam6.API.Test.Controllers.AccountControllerTest.GetUserById_ShouldReturnNotFound(id: 999)","ExecutorUri":"executor://xunit/VsTestRunner2/netcoreapp","Source":"C:\\Users\\PhungVu\\Desktop\\FinalProject\\nashtech-rookies-hn06-final\\back-end\\AssetManagementTeam6.API.Test\\bin\\Debug\\net6.0\\fine-code-coverage\\build-output\\AssetManagementTeam6.API.Test.dll","CodeFilePath":null,"LineNumber":0,"Properties":[]},"Attachments":[],"Outcome":1,"ErrorMessage":null,"ErrorStackTrace":null,"DisplayName":"AssetManagementTeam6.API.Test.Controllers.AccountControllerTest.GetUserById_ShouldReturnNotFound(id: 999)","Messages":[],"ComputerName":"DESKTOP-2J9NP80","Duration":"00:00:00.0001454","StartTime":"2022-11-18T17:29:17.0581618+00:00","EndTime":"2022-11-18T17:29:17.0581619+00:00","Properties":[]},{"TestCase":{"Id":"cf051503-c2b4-d9e5-aa1b-e0469c145b00","FullyQualifiedName":"AssetManagementTeam6.API.Test.Controllers.AccountControllerTest.GetUserById_ShouldReturnNotFound","DisplayName":"AssetManagementTeam6.API.Test.Controllers.AccountControllerTest.GetUserById_ShouldReturnNotFound(id: 1)","ExecutorUri":"executor://xunit/VsTestRunner2/netcoreapp","Source":"C:\\Users\\PhungVu\\Desktop\\FinalProject\\nashtech-rookies-hn06-final\\back-end\\AssetManagementTeam6.API.Test\\bin\\Debug\\net6.0\\fine-code-coverage\\build-output\\AssetManagementTeam6.API.Test.dll","CodeFilePath":null,"LineNumber":0,"Properties":[]},"Attachments":[],"Outcome":1,"ErrorMessage":null,"ErrorStackTrace":null,"DisplayName":"AssetManagementTeam6.API.Test.Controllers.AccountControllerTest.GetUserById_ShouldReturnNotFound(id: 1)","Messages":[],"ComputerName":"DESKTOP-2J9NP80","Duration":"00:00:00.0001466","StartTime":"2022-11-18T17:29:17.0598476+00:00","EndTime":"2022-11-18T17:29:17.0598477+00:00","Properties":[]},{"TestCase":{"Id":"70ec4e53-42cb-1297-e6d0-17ed22b49b2c","FullyQualifiedName":"AssetManagementTeam6.API.Test.Controllers.AccountControllerTest.GetUserById_ShouldReturnNotFound","DisplayName":"AssetManagementTeam6.API.Test.Controllers.AccountControllerTest.GetUserById_ShouldReturnNotFound(id: 12391)","ExecutorUri":"executor://xunit/VsTestRunner2/netcoreapp","Source":"C:\\Users\\PhungVu\\Desktop\\FinalProject\\nashtech-rookies-hn06-final\\back-end\\AssetManagementTeam6.API.Test\\bin\\Debug\\net6.0\\fine-code-coverage\\build-output\\AssetManagementTeam6.API.Test.dll","CodeFilePath":null,"LineNumber":0,"Properties":[]},"Attachments":[],"Outcome":1,"ErrorMessage":null,"ErrorStackTrace":null,"DisplayName":"AssetManagementTeam6.API.Test.Controllers.AccountControllerTest.GetUserById_ShouldReturnNotFound(id: 12391)","Messages":[],"ComputerName":"DESKTOP-2J9NP80","Duration":"00:00:00.0001209","StartTime":"2022-11-18T17:29:17.06149+00:00","EndTime":"2022-11-18T17:29:17.0614901+00:00","Properties":[]},{"TestCase":{"Id":"36335cb4-16d0-0be6-e6eb-b70ab2dfc287","FullyQualifiedName":"AssetManagementTeam6.API.Test.Controllers.AccountControllerTest.Login_ShouldReturnTocken","DisplayName":"AssetManagementTeam6.API.Test.Controllers.AccountControllerTest.Login_ShouldReturnTocken(userType: Staff, userName: \"John Doe\")","ExecutorUri":"executor://xunit/VsTestRunner2/netcoreapp","Source":"C:\\Users\\PhungVu\\Desktop\\FinalProject\\nashtech-rookies-hn06-final\\back-end\\AssetManagementTeam6.API.Test\\bin\\Debug\\net6.0\\fine-code-coverage\\build-output\\AssetManagementTeam6.API.Test.dll","CodeFilePath":null,"LineNumber":0,"Properties":[]},"Attachments":[],"Outcome":1,"ErrorMessage":null,"ErrorStackTrace":null,"DisplayName":"AssetManagementTeam6.API.Test.Controllers.AccountControllerTest.Login_ShouldReturnTocken(userType: Staff, userName: \"John Doe\")","Messages":[],"ComputerName":"DESKTOP-2J9NP80","Duration":"00:00:00.0739832","StartTime":"2022-11-18T17:29:17.0698671+00:00","EndTime":"2022-11-18T17:29:17.0698674+00:00","Properties":[]},{"TestCase":{"Id":"b01574a8-14b5-87ba-ed03-8dc5ad44bf60","FullyQualifiedName":"AssetManagementTeam6.API.Test.Controllers.AccountControllerTest.Login_ShouldReturnTocken","DisplayName":"AssetManagementTeam6.API.Test.Controllers.AccountControllerTest.Login_ShouldReturnTocken(userType: Admin, userName: \"Marry Sue\")","ExecutorUri":"executor://xunit/VsTestRunner2/netcoreapp","Source":"C:\\Users\\PhungVu\\Desktop\\FinalProject\\nashtech-rookies-hn06-final\\back-end\\AssetManagementTeam6.API.Test\\bin\\Debug\\net6.0\\fine-code-coverage\\build-output\\AssetManagementTeam6.API.Test.dll","CodeFilePath":null,"LineNumber":0,"Properties":[]},"Attachments":[],"Outcome":1,"ErrorMessage":null,"ErrorStackTrace":null,"DisplayName":"AssetManagementTeam6.API.Test.Controllers.AccountControllerTest.Login_ShouldReturnTocken(userType: Admin, userName: \"Marry Sue\")","Messages":[],"ComputerName":"DESKTOP-2J9NP80","Duration":"00:00:00.0004723","StartTime":"2022-11-18T17:29:17.0714967+00:00","EndTime":"2022-11-18T17:29:17.0714969+00:00","Properties":[]},{"TestCase":{"Id":"b6d13ff2-d43d-a596-338e-ec01be8ffa12","FullyQualifiedName":"AssetManagementTeam6.API.Test.Controllers.AccountControllerTest.CheckLogin_ShouldReturnBadRequest","DisplayName":"AssetManagementTeam6.API.Test.Controllers.AccountControllerTest.CheckLogin_ShouldReturnBadRequest","ExecutorUri":"executor://xunit/VsTestRunner2/netcoreapp","Source":"C:\\Users\\PhungVu\\Desktop\\FinalProject\\nashtech-rookies-hn06-final\\back-end\\AssetManagementTeam6.API.Test\\bin\\Debug\\net6.0\\fine-code-coverage\\build-output\\AssetManagementTeam6.API.Test.dll","CodeFilePath":null,"LineNumber":0,"Properties":[]},"Attachments":[],"Outcome":2,"ErrorMessage":"System.NullReferenceException : Object reference not set to an instance of an object.","ErrorStackTrace":"   at AssetManagementTeam6.API.Controllers.ControllerBaseExtensions.GetCurrentLoginUserId(ControllerBase controller) in C:\\Users\\PhungVu\\Desktop\\FinalProject\\nashtech-rookies-hn06-final\\back-end\\AssetManagementTeam6.API\\Controllers\\ControllerBaseExtensions.cs:line 10\r\n   at AssetManagementTeam6.API.Controllers.AccountController.CheckLogin() in C:\\Users\\PhungVu\\Desktop\\FinalProject\\nashtech-rookies-hn06-final\\back-end\\AssetManagementTeam6.API\\Controllers\\AccountController.cs:line 87\r\n   at AssetManagementTeam6.API.Test.Controllers.AccountControllerTest.CheckLogin_ShouldReturnBadRequest() in C:\\Users\\PhungVu\\Desktop\\FinalProject\\nashtech-rookies-hn06-final\\back-end\\AssetManagementTeam6.API.Test\\Controllers\\AccountControllerTest.cs:line 170","DisplayName":"AssetManagementTeam6.API.Test.Controllers.AccountControllerTest.CheckLogin_ShouldReturnBadRequest","Messages":[],"ComputerName":"DESKTOP-2J9NP80","Duration":"00:00:00.0016159","StartTime":"2022-11-18T17:29:17.0873877+00:00","EndTime":"2022-11-18T17:29:17.0873878+00:00","Properties":[]},{"TestCase":{"Id":"25550789-1674-af8b-f404-40964cdc3938","FullyQualifiedName":"AssetManagementTeam6.API.Test.Controllers.AccountControllerTest.CheckLogin_ShouldReturnOK","DisplayName":"AssetManagementTeam6.API.Test.Controllers.AccountControllerTest.CheckLogin_ShouldReturnOK","ExecutorUri":"executor://xunit/VsTestRunner2/netcoreapp","Source":"C:\\Users\\PhungVu\\Desktop\\FinalProject\\nashtech-rookies-hn06-final\\back-end\\AssetManagementTeam6.API.Test\\bin\\Debug\\net6.0\\fine-code-coverage\\build-output\\AssetManagementTeam6.API.Test.dll","CodeFilePath":null,"LineNumber":0,"Properties":[]},"Attachments":[],"Outcome":2,"ErrorMessage":"Assert.NotNull() Failure","ErrorStackTrace":"   at AssetManagementTeam6.API.Test.Controllers.AccountControllerTest.CheckLogin_ShouldReturnOK() in C:\\Users\\PhungVu\\Desktop\\FinalProject\\nashtech-rookies-hn06-final\\back-end\\AssetManagementTeam6.API.Test\\Controllers\\AccountControllerTest.cs:line 204\r\n--- End of stack trace from previous location ---","DisplayName":"AssetManagementTeam6.API.Test.Controllers.AccountControllerTest.CheckLogin_ShouldReturnOK","Messages":[],"ComputerName":"DESKTOP-2J9NP80","Duration":"00:00:00.0049742","StartTime":"2022-11-18T17:29:17.0903747+00:00","EndTime":"2022-11-18T17:29:17.0903747+00:00","Properties":[]}],"TestRunStatistics":{"ExecutedTests":25,"Stats":{"Passed":23,"Failed":2}},"ActiveTests":[{"Id":"a7368796-68d6-39c4-c7de-1f36fcdac315","FullyQualifiedName":"AssetManagementTeam6.API.Test.Controllers.AccountControllerTest.Login_ShouldReturnBadRequest","DisplayName":"AssetManagementTeam6.API.Test.Controllers.AccountControllerTest.Login_ShouldReturnBadRequest","ExecutorUri":"executor://xunit/VsTestRunner2/netcoreapp","Source":"C:\\Users\\PhungVu\\Desktop\\FinalProject\\nashtech-rookies-hn06-final\\back-end\\AssetManagementTeam6.API.Test\\bin\\Debug\\net6.0\\fine-code-coverage\\build-output\\AssetManagementTeam6.API.Test.dll","CodeFilePath":null,"LineNumber":0,"Properties":[]}]}}
TpTrace Verbose: 0 : 9760, 12, 2022/11/19, 00:29:17.092, 113170468126, vstest.console.dll, TestRunRequest:SendTestRunStatsChange: Starting.
TpTrace Verbose: 0 : 9760, 12, 2022/11/19, 00:29:17.092, 113170468884, vstest.console.dll, InProgress is AssetManagementTeam6.API.Test.Controllers.AccountControllerTest.Login_ShouldReturnBadRequest
TpTrace Verbose: 0 : 9760, 12, 2022/11/19, 00:29:17.092, 113170469471, vstest.console.dll, MulticastDelegateUtilities.SafeInvoke: TestRun.RunStatsChanged: Invoking callbacks was skipped because there are no subscribers.
TpTrace Information: 0 : 9760, 12, 2022/11/19, 00:29:17.092, 113170469797, vstest.console.dll, TestRunRequest:SendTestRunStatsChange: Completed.
TpTrace Verbose: 0 : 9760, 4, 2022/11/19, 00:29:17.092, 113170469834, vstest.console.dll, MulticastDelegateUtilities.SafeInvoke: InternalTestLoggerEvents.SendTestResult: Invoking callback 1/1 for Microsoft.VisualStudio.TestPlatform.CommandLine.Internal.ConsoleLogger.TestResultHandler, took 0 ms.
TpTrace Verbose: 0 : 9760, 12, 2022/11/19, 00:29:17.092, 113170470013, vstest.console.dll, MulticastDelegateUtilities.SafeInvoke: LengthPrefixCommunicationChannel: MessageReceived: Invoking callback 1/1 for Microsoft.VisualStudio.TestPlatform.CommunicationUtilities.TestRequestSender+<>c__DisplayClass31_0.<StartTestRun>b__1, took 0 ms.
TpTrace Verbose: 0 : 9760, 4, 2022/11/19, 00:29:17.092, 113170470612, vstest.console.dll, MulticastDelegateUtilities.SafeInvoke: InternalTestLoggerEvents.SendTestResult: Invoking callback 1/1 for Microsoft.VisualStudio.TestPlatform.CommandLine.Internal.ConsoleLogger.TestResultHandler, took 0 ms.
TpTrace Verbose: 0 : 9760, 12, 2022/11/19, 00:29:17.092, 113170470729, vstest.console.dll, TcpClientExtensions.MessageLoopAsync: Polling on remoteEndPoint: 127.0.0.1:62703 localEndPoint: 127.0.0.1:62702
TpTrace Verbose: 0 : 9760, 4, 2022/11/19, 00:29:17.093, 113170471046, vstest.console.dll, MulticastDelegateUtilities.SafeInvoke: InternalTestLoggerEvents.SendTestResult: Invoking callback 1/1 for Microsoft.VisualStudio.TestPlatform.CommandLine.Internal.ConsoleLogger.TestResultHandler, took 0 ms.
TpTrace Verbose: 0 : 9760, 4, 2022/11/19, 00:29:17.093, 113170472167, vstest.console.dll, MulticastDelegateUtilities.SafeInvoke: InternalTestLoggerEvents.SendTestResult: Invoking callback 1/1 for Microsoft.VisualStudio.TestPlatform.CommandLine.Internal.ConsoleLogger.TestResultHandler, took 0 ms.
TpTrace Verbose: 0 : 9760, 4, 2022/11/19, 00:29:17.093, 113170472462, vstest.console.dll, MulticastDelegateUtilities.SafeInvoke: InternalTestLoggerEvents.SendTestResult: Invoking callback 1/1 for Microsoft.VisualStudio.TestPlatform.CommandLine.Internal.ConsoleLogger.TestResultHandler, took 0 ms.
TpTrace Verbose: 0 : 9760, 4, 2022/11/19, 00:29:17.093, 113170472787, vstest.console.dll, MulticastDelegateUtilities.SafeInvoke: InternalTestLoggerEvents.SendTestResult: Invoking callback 1/1 for Microsoft.VisualStudio.TestPlatform.CommandLine.Internal.ConsoleLogger.TestResultHandler, took 0 ms.
TpTrace Verbose: 0 : 9760, 4, 2022/11/19, 00:29:17.093, 113170473063, vstest.console.dll, MulticastDelegateUtilities.SafeInvoke: InternalTestLoggerEvents.SendTestResult: Invoking callback 1/1 for Microsoft.VisualStudio.TestPlatform.CommandLine.Internal.ConsoleLogger.TestResultHandler, took 0 ms.
TpTrace Verbose: 0 : 9760, 4, 2022/11/19, 00:29:17.093, 113170479176, vstest.console.dll, MulticastDelegateUtilities.SafeInvoke: InternalTestLoggerEvents.SendTestResult: Invoking callback 1/1 for Microsoft.VisualStudio.TestPlatform.CommandLine.Internal.ConsoleLogger.TestResultHandler, took 0 ms.
TpTrace Verbose: 0 : 9760, 12, 2022/11/19, 00:29:17.094, 113170487122, vstest.console.dll, TcpClientExtensions.MessageLoopAsync: NotifyDataAvailable remoteEndPoint: 127.0.0.1:62703 localEndPoint: 127.0.0.1:62702
TpTrace Verbose: 0 : 9760, 12, 2022/11/19, 00:29:17.094, 113170487699, vstest.console.dll, TestRequestSender.OnExecutionMessageReceived: Received message: {"Version":5,"MessageType":"TestSession.Message","Payload":{"MessageLevel":0,"Message":"[xUnit.net 00:00:00.91]   Finished:    AssetManagementTeam6.API.Test"}}
TpTrace Verbose: 0 : 9760, 12, 2022/11/19, 00:29:17.094, 113170488434, vstest.console.dll, TestRunRequest:SendTestRunMessage: Starting.
TpTrace Verbose: 0 : 9760, 12, 2022/11/19, 00:29:17.094, 113170488874, vstest.console.dll, MulticastDelegateUtilities.SafeInvoke: TestRun.LogMessages: Invoking callback 1/1 for Microsoft.VisualStudio.TestPlatform.CommandLine.TestRunResultAggregator.TestRunMessageHandler, took 0 ms.
TpTrace Information: 0 : 9760, 12, 2022/11/19, 00:29:17.094, 113170489075, vstest.console.dll, TestRunRequest:SendTestRunMessage: Completed.
TpTrace Verbose: 0 : 9760, 12, 2022/11/19, 00:29:17.094, 113170489249, vstest.console.dll, MulticastDelegateUtilities.SafeInvoke: LengthPrefixCommunicationChannel: MessageReceived: Invoking callback 1/1 for Microsoft.VisualStudio.TestPlatform.CommunicationUtilities.TestRequestSender+<>c__DisplayClass31_0.<StartTestRun>b__1, took 0 ms.
TpTrace Verbose: 0 : 9760, 12, 2022/11/19, 00:29:17.094, 113170489425, vstest.console.dll, TcpClientExtensions.MessageLoopAsync: Polling on remoteEndPoint: 127.0.0.1:62703 localEndPoint: 127.0.0.1:62702
TpTrace Verbose: 0 : 9760, 4, 2022/11/19, 00:29:17.095, 113170496803, vstest.console.dll, MulticastDelegateUtilities.SafeInvoke: InternalTestLoggerEvents.SendTestResult: Invoking callback 1/1 for Microsoft.VisualStudio.TestPlatform.CommandLine.Internal.ConsoleLogger.TestResultHandler, took 1 ms.
TpTrace Verbose: 0 : 9760, 4, 2022/11/19, 00:29:17.095, 113170497574, vstest.console.dll, MulticastDelegateUtilities.SafeInvoke: InternalTestLoggerEvents.SendTestRunMessage: Invoking callback 1/1 for Microsoft.VisualStudio.TestPlatform.CommandLine.Internal.ConsoleLogger.TestMessageHandler, took 0 ms.
TpTrace Verbose: 0 : 9760, 12, 2022/11/19, 00:29:17.106, 113170607589, vstest.console.dll, TcpClientExtensions.MessageLoopAsync: NotifyDataAvailable remoteEndPoint: 127.0.0.1:62703 localEndPoint: 127.0.0.1:62702
TpTrace Verbose: 0 : 9760, 12, 2022/11/19, 00:29:17.106, 113170609120, vstest.console.dll, TestRequestSender.OnExecutionMessageReceived: Received message: {"Version":5,"MessageType":"TestExecution.Completed","Payload":{"TestRunCompleteArgs":{"TestRunStatistics":{"ExecutedTests":26,"Stats":{"Passed":24,"Failed":2}},"IsCanceled":false,"IsAborted":false,"Error":null,"AttachmentSets":[],"ElapsedTimeInRunningTests":"00:00:00.9197935","Metrics":{}},"LastRunTests":{"NewTestResults":[{"TestCase":{"Id":"a7368796-68d6-39c4-c7de-1f36fcdac315","FullyQualifiedName":"AssetManagementTeam6.API.Test.Controllers.AccountControllerTest.Login_ShouldReturnBadRequest","DisplayName":"AssetManagementTeam6.API.Test.Controllers.AccountControllerTest.Login_ShouldReturnBadRequest","ExecutorUri":"executor://xunit/VsTestRunner2/netcoreapp","Source":"C:\\Users\\PhungVu\\Desktop\\FinalProject\\nashtech-rookies-hn06-final\\back-end\\AssetManagementTeam6.API.Test\\bin\\Debug\\net6.0\\fine-code-coverage\\build-output\\AssetManagementTeam6.API.Test.dll","CodeFilePath":null,"LineNumber":0,"Properties":[]},"Attachments":[],"Outcome":1,"ErrorMessage":null,"ErrorStackTrace":null,"DisplayName":"AssetManagementTeam6.API.Test.Controllers.AccountControllerTest.Login_ShouldReturnBadRequest","Messages":[],"ComputerName":"DESKTOP-2J9NP80","Duration":"00:00:00.0015808","StartTime":"2022-11-18T17:29:17.0927043+00:00","EndTime":"2022-11-18T17:29:17.0927044+00:00","Properties":[]}],"TestRunStatistics":{"ExecutedTests":26,"Stats":{"Passed":24,"Failed":2}},"ActiveTests":[]},"RunAttachments":[],"ExecutorUris":["executor://xunit/VsTestRunner2/netcoreapp"]}}
TpTrace Verbose: 0 : 9760, 12, 2022/11/19, 00:29:17.106, 113170609770, vstest.console.dll, TestRequestSender.EndSession: Sending end session.
TpTrace Verbose: 0 : 9760, 12, 2022/11/19, 00:29:17.107, 113170611135, vstest.console.dll, ProxyOperationManager.Close: waiting for test host to exit for 100 ms
TpTrace Warning: 0 : 9760, 7, 2022/11/19, 00:29:17.124, 113170788483, vstest.console.dll, TestHostManagerCallbacks.ErrorReceivedCallback Test host standard error line: 
TpTrace Verbose: 0 : 9760, 10, 2022/11/19, 00:29:17.137, 113170916768, vstest.console.dll, TestHostProvider.ExitCallBack: Host exited starting callback.
TpTrace Information: 0 : 9760, 10, 2022/11/19, 00:29:17.137, 113170920398, vstest.console.dll, TestHostManagerCallbacks.ExitCallBack: Testhost processId: 12876 exited with exitcode: 0 error: ''
TpTrace Verbose: 0 : 9760, 10, 2022/11/19, 00:29:17.137, 113170920914, vstest.console.dll, DotnetTestHostManager.OnHostExited: invoking OnHostExited callback
TpTrace Verbose: 0 : 9760, 10, 2022/11/19, 00:29:17.138, 113170921289, vstest.console.dll, CrossPlatEngine.TestHostManagerHostExited: calling on client process exit callback.
TpTrace Information: 0 : 9760, 10, 2022/11/19, 00:29:17.138, 113170922011, vstest.console.dll, TestRequestSender.OnClientProcessExit: Test host process exited. Standard error: 
TpTrace Information: 0 : 9760, 12, 2022/11/19, 00:29:17.138, 113170922277, vstest.console.dll, SocketServer.Stop: Stop server endPoint: 127.0.0.1:62702
TpTrace Information: 0 : 9760, 10, 2022/11/19, 00:29:17.138, 113170922387, vstest.console.dll, SocketServer.Stop: Stop server endPoint: 127.0.0.1:62702
TpTrace Information: 0 : 9760, 12, 2022/11/19, 00:29:17.138, 113170922895, vstest.console.dll, SocketServer.Stop: Cancellation requested. Stopping message loop.
TpTrace Information: 0 : 9760, 10, 2022/11/19, 00:29:17.138, 113170923175, vstest.console.dll, SocketServer.Stop: Cancellation requested. Stopping message loop.
TpTrace Verbose: 0 : 9760, 10, 2022/11/19, 00:29:17.138, 113170924172, vstest.console.dll, MulticastDelegateUtilities.SafeInvoke: HostProviderEvents.OnHostExited: Invoking callback 1/1 for Microsoft.VisualStudio.TestPlatform.CrossPlatEngine.Client.ProxyOperationManager.TestHostManagerHostExited, took 0 ms.
TpTrace Information: 0 : 9760, 12, 2022/11/19, 00:29:17.138, 113170924307, vstest.console.dll, Closing the connection
TpTrace Verbose: 0 : 9760, 12, 2022/11/19, 00:29:17.138, 113170926298, vstest.console.dll, ProxyDataCollectionManager.InvokeDataCollectionServiceAction: Starting.
TpTrace Information: 0 : 9760, 12, 2022/11/19, 00:29:17.138, 113170926825, vstest.console.dll, ProxyDataCollectionManager.AfterTestRunEnd: Get attachment set and invoked data collectors processId: 1172 port: 62699
TpTrace Verbose: 0 : 9760, 12, 2022/11/19, 00:29:17.138, 113170927177, vstest.console.dll, DataCollectionRequestSender.SendAfterTestRunStartAndGetResult: Send AfterTestRunEnd message with isCancelled: False
TpTrace Verbose: 0 : 9760, 12, 2022/11/19, 00:29:17.144, 113170985138, vstest.console.dll, DataCollectionRequestSender.SendAfterTestRunStartAndGetResult: Received message: (DataCollection.AfterTestRunEndResult) -> {"MessageType":"DataCollection.AfterTestRunEndResult","Payload":{"AttachmentSets":[],"InvokedDataCollectors":[{"Uri":"datacollector://Microsoft/TestPlatform/Extensions/Blame/v1","FriendlyName":"Blame","AssemblyQualifiedName":"Microsoft.TestPlatform.Extensions.BlameDataCollector.BlameCollector, Microsoft.TestPlatform.Extensions.BlameDataCollector, Version=15.0.0.0, Culture=neutral, PublicKeyToken=b03f5f7f11d50a3a","FilePath":"C:\\Program Files\\dotnet\\sdk\\6.0.402\\Extensions\\Microsoft.TestPlatform.Extensions.BlameDataCollector.dll","HasAttachmentProcessor":false}],"Metrics":{}}}
TpTrace Warning: 0 : 9760, 9, 2022/11/19, 00:29:17.147, 113171017502, vstest.console.dll, DataCollectionLauncher.ErrorReceivedCallback datacollector standard error line: 
TpTrace Information: 0 : 9760, 12, 2022/11/19, 00:29:17.148, 113171027709, vstest.console.dll, ProxyDataCollectionManager.InvokeDataCollectionServiceAction: Completed.
TpTrace Information: 0 : 9760, 9, 2022/11/19, 00:29:17.151, 113171051531, vstest.console.dll, DataCollectionLauncher.ExitCallBack: Data collector exited with exitcode: 0 error: ''
TpTrace Verbose: 0 : 9760, 12, 2022/11/19, 00:29:17.175, 113171294935, vstest.console.dll, TestRunRequest:SendTestRunStatsChange: Starting.
TpTrace Verbose: 0 : 9760, 12, 2022/11/19, 00:29:17.175, 113171295977, vstest.console.dll, MulticastDelegateUtilities.SafeInvoke: TestRun.RunStatsChanged: Invoking callbacks was skipped because there are no subscribers.
TpTrace Information: 0 : 9760, 12, 2022/11/19, 00:29:17.175, 113171296444, vstest.console.dll, TestRunRequest:SendTestRunStatsChange: Completed.
TpTrace Verbose: 0 : 9760, 4, 2022/11/19, 00:29:17.175, 113171296883, vstest.console.dll, MulticastDelegateUtilities.SafeInvoke: InternalTestLoggerEvents.SendTestResult: Invoking callback 1/1 for Microsoft.VisualStudio.TestPlatform.CommandLine.Internal.ConsoleLogger.TestResultHandler, took 0 ms.
TpTrace Verbose: 0 : 9760, 12, 2022/11/19, 00:29:17.175, 113171298395, vstest.console.dll, ParallelProxyExecutionManager: HandlePartialRunComplete: Total completed clients = 1, Run complete = True, Run canceled: False.
TpTrace Verbose: 0 : 9760, 4, 2022/11/19, 00:29:17.189, 113171435194, vstest.console.dll, MulticastDelegateUtilities.SafeInvoke: InternalTestLoggerEvents.SendTestRunComplete: Invoking callback 1/2 for Microsoft.TestPlatform.Extensions.BlameDataCollector.BlameLogger.TestRunCompleteHandler, took 0 ms.
TpTrace Verbose: 0 : 9760, 4, 2022/11/19, 00:29:17.193, 113171475964, vstest.console.dll, MulticastDelegateUtilities.SafeInvoke: InternalTestLoggerEvents.SendTestRunComplete: Invoking callback 2/2 for Microsoft.VisualStudio.TestPlatform.CommandLine.Internal.ConsoleLogger.TestRunCompleteHandler, took 3 ms.
TpTrace Verbose: 0 : 9760, 12, 2022/11/19, 00:29:17.193, 113171479170, vstest.console.dll, TestRunRequest:TestRunComplete: Starting. IsAborted:False IsCanceled:False.
TpTrace Verbose: 0 : 9760, 12, 2022/11/19, 00:29:17.194, 113171488899, vstest.console.dll, TestLoggerManager.HandleTestRunComplete: Ignoring as the object is disposed.
TpTrace Verbose: 0 : 9760, 12, 2022/11/19, 00:29:17.194, 113171490599, vstest.console.dll, MulticastDelegateUtilities.SafeInvoke: TestRun.TestRunComplete: Invoking callback 1/2 for Microsoft.VisualStudio.TestPlatform.CommandLine.TestRunResultAggregator.TestRunCompletionHandler, took 0 ms.
TpTrace Verbose: 0 : 9760, 12, 2022/11/19, 00:29:17.195, 113171491283, vstest.console.dll, MulticastDelegateUtilities.SafeInvoke: TestRun.TestRunComplete: Invoking callback 2/2 for Microsoft.VisualStudio.TestPlatform.CommandLine.Processors.RunTestsArgumentExecutor+TestRunRequestEventsRegistrar.TestRunRequest_OnRunCompletion, took 0 ms.
TpTrace Information: 0 : 9760, 12, 2022/11/19, 00:29:17.195, 113171492196, vstest.console.dll, TestRunRequest:TestRunComplete: Completed.
TpTrace Verbose: 0 : 9760, 12, 2022/11/19, 00:29:17.195, 113171492570, vstest.console.dll, TestRequestSender.SetOperationComplete: Setting operation complete.
TpTrace Information: 0 : 9760, 12, 2022/11/19, 00:29:17.195, 113171492772, vstest.console.dll, SocketServer.Stop: Stop server endPoint: 127.0.0.1:62702
TpTrace Information: 0 : 9760, 12, 2022/11/19, 00:29:17.195, 113171492927, vstest.console.dll, SocketServer.Stop: Cancellation requested. Stopping message loop.
TpTrace Verbose: 0 : 9760, 1, 2022/11/19, 00:29:17.195, 113171492902, vstest.console.dll, TestRunRequest.Dispose: Starting.
TpTrace Verbose: 0 : 9760, 12, 2022/11/19, 00:29:17.195, 113171493133, vstest.console.dll, MulticastDelegateUtilities.SafeInvoke: LengthPrefixCommunicationChannel: MessageReceived: Invoking callback 1/1 for Microsoft.VisualStudio.TestPlatform.CommunicationUtilities.TestRequestSender+<>c__DisplayClass31_0.<StartTestRun>b__1, took 88 ms.
TpTrace Information: 0 : 9760, 1, 2022/11/19, 00:29:17.195, 113171493732, vstest.console.dll, TestRunRequest.Dispose: Completed.
TpTrace Information: 0 : 9760, 1, 2022/11/19, 00:29:17.195, 113171494155, vstest.console.dll, TestRequestManager.RunTests: run tests completed.
TpTrace Information: 0 : 9760, 12, 2022/11/19, 00:29:17.195, 113171494270, vstest.console.dll, SocketServer.PrivateStop: Stopping server endPoint: 127.0.0.1:62702 error: 
TpTrace Information: 0 : 9760, 1, 2022/11/19, 00:29:17.195, 113171494693, vstest.console.dll, RunTestsArgumentProcessor:Execute: Test run is completed.
TpTrace Verbose: 0 : 9760, 1, 2022/11/19, 00:29:17.195, 113171496370, vstest.console.dll, Executor.Execute: Exiting with exit code of 1
TpTrace Verbose: 0 : 9760, 12, 2022/11/19, 00:29:17.195, 113171498075, vstest.console.dll, LengthPrefixCommunicationChannel.Dispose: Dispose reader and writer.
TpTrace Information: 0 : 9760, 12, 2022/11/19, 00:29:17.195, 113171498675, vstest.console.dll, SocketServer.Stop: Raise disconnected event endPoint: 127.0.0.1:62702 error: 
TpTrace Verbose: 0 : 9760, 12, 2022/11/19, 00:29:17.195, 113171499103, vstest.console.dll, TestRequestSender: OnTestRunAbort: Operation is already complete. Skip error message.
TpTrace Verbose: 0 : 9760, 12, 2022/11/19, 00:29:17.195, 113171499373, vstest.console.dll, MulticastDelegateUtilities.SafeInvoke: SocketServer: ClientDisconnected: Invoking callback 1/1 for Microsoft.VisualStudio.TestPlatform.CommunicationUtilities.TestRequestSender.<InitializeCommunication>b__24_1, took 0 ms.
TpTrace Verbose: 0 : 9760, 12, 2022/11/19, 00:29:17.195, 113171499571, vstest.console.dll, TcpClientExtensions.MessageLoopAsync: exiting MessageLoopAsync remoteEndPoint: 127.0.0.1:62703 localEndPoint: 127.0.0.1:62702
